

Processing Rails::InfoController#properties (for 127.0.0.1 at 2010-07-22 18:34:56) [GET]
  [4;36;1mSQL (0.4ms)[0m   [0;1m SELECT name
 FROM sqlite_master
 WHERE type = 'table' AND NOT name = 'sqlite_sequence'
[0m
Completed in 78ms (View: 17, DB: 0) | 200 OK [http://localhost/rails/info/properties]


Processing Rails::InfoController#properties (for 127.0.0.1 at 2010-07-22 18:48:54) [GET]
  [4;36;1mSQL (0.4ms)[0m   [0;1m SELECT name
 FROM sqlite_master
 WHERE type = 'table' AND NOT name = 'sqlite_sequence'
[0m
Completed in 39ms (View: 8, DB: 0) | 200 OK [http://localhost/rails/info/properties]


Processing KnapekController#index (for 127.0.0.1 at 2010-07-22 18:48:56) [GET]

ActionView::MissingTemplate (Missing template knapek/index.erb in view path app/views):
  <internal:prelude>:8:in `synchronize'
  /usr/local/lib/ruby/1.9.1/webrick/httpserver.rb:111:in `service'
  /usr/local/lib/ruby/1.9.1/webrick/httpserver.rb:70:in `run'
  /usr/local/lib/ruby/1.9.1/webrick/server.rb:183:in `block in start_thread'

Rendering rescues/layout (internal_server_error)


Processing KnapekController#index (for 127.0.0.1 at 2010-07-22 18:48:57) [GET]

ActionView::MissingTemplate (Missing template knapek/index.erb in view path app/views):
  <internal:prelude>:8:in `synchronize'
  /usr/local/lib/ruby/1.9.1/webrick/httpserver.rb:111:in `service'
  /usr/local/lib/ruby/1.9.1/webrick/httpserver.rb:70:in `run'
  /usr/local/lib/ruby/1.9.1/webrick/server.rb:183:in `block in start_thread'

Rendering rescues/layout (internal_server_error)


Processing KnapekController#index (for 127.0.0.1 at 2010-07-22 18:50:23) [GET]
Rendering knapek/index
Completed in 8ms (View: 7, DB: 0) | 200 OK [http://localhost/knapek]


Processing KnapekController#index (for 127.0.0.1 at 2010-07-22 18:50:23) [GET]
Rendering knapek/index
Completed in 2ms (View: 1, DB: 0) | 200 OK [http://localhost/knapek]


Processing KnapekController#index (for 127.0.0.1 at 2010-07-22 18:50:46) [GET]
Rendering knapek/index
Completed in 8ms (View: 7, DB: 0) | 200 OK [http://localhost/knapek]


Processing KnapekController#index (for 127.0.0.1 at 2010-07-22 18:50:46) [GET]
Rendering knapek/index
Completed in 8ms (View: 1, DB: 0) | 200 OK [http://localhost/knapek]


Processing KnapekController#about (for 127.0.0.1 at 2010-07-22 18:50:47) [GET]

ActionView::MissingTemplate (Missing template knapek/about.erb in view path app/views):
  <internal:prelude>:8:in `synchronize'
  /usr/local/lib/ruby/1.9.1/webrick/httpserver.rb:111:in `service'
  /usr/local/lib/ruby/1.9.1/webrick/httpserver.rb:70:in `run'
  /usr/local/lib/ruby/1.9.1/webrick/server.rb:183:in `block in start_thread'

Rendering rescues/layout (internal_server_error)


Processing KnapekController#about (for 127.0.0.1 at 2010-07-22 18:50:47) [GET]

ActionView::MissingTemplate (Missing template knapek/about.erb in view path app/views):
  <internal:prelude>:8:in `synchronize'
  /usr/local/lib/ruby/1.9.1/webrick/httpserver.rb:111:in `service'
  /usr/local/lib/ruby/1.9.1/webrick/httpserver.rb:70:in `run'
  /usr/local/lib/ruby/1.9.1/webrick/server.rb:183:in `block in start_thread'

Rendering rescues/layout (internal_server_error)


Processing KnapekController#about (for 127.0.0.1 at 2010-07-22 18:54:21) [GET]
Rendering knapek/about
Completed in 9ms (View: 8, DB: 0) | 200 OK [http://localhost/knapek/about]


Processing KnapekController#about (for 127.0.0.1 at 2010-07-22 18:54:21) [GET]
Rendering knapek/about
Completed in 3ms (View: 1, DB: 0) | 200 OK [http://localhost/knapek/about]


Processing KnapekController#index (for 127.0.0.1 at 2010-07-22 18:54:22) [GET]
Rendering knapek/index
Completed in 2ms (View: 1, DB: 0) | 200 OK [http://localhost/knapek]


Processing KnapekController#index (for 127.0.0.1 at 2010-07-22 18:54:23) [GET]
Rendering knapek/index
Completed in 2ms (View: 1, DB: 0) | 200 OK [http://localhost/knapek]


Processing KnapekController#about (for 127.0.0.1 at 2010-07-22 18:54:24) [GET]
Rendering knapek/about
Completed in 2ms (View: 1, DB: 0) | 200 OK [http://localhost/knapek/about]


Processing KnapekController#about (for 127.0.0.1 at 2010-07-22 18:54:24) [GET]
Rendering knapek/about
Completed in 3ms (View: 2, DB: 0) | 200 OK [http://localhost/knapek/about]


Processing KnapekController#index (for 127.0.0.1 at 2010-07-22 18:54:25) [GET]
Rendering knapek/index
Completed in 2ms (View: 1, DB: 0) | 200 OK [http://localhost/knapek]


Processing KnapekController#index (for 127.0.0.1 at 2010-07-22 18:54:25) [GET]
Rendering knapek/index
Completed in 2ms (View: 1, DB: 0) | 200 OK [http://localhost/knapek]


Processing KnapekController#index (for 127.0.0.1 at 2010-07-22 19:11:54) [GET]
Rendering template within layouts/knapek
Rendering knapek/index
Completed in 9ms (View: 8, DB: 0) | 200 OK [http://localhost/knapek]


Processing KnapekController#index (for 127.0.0.1 at 2010-07-22 19:11:54) [GET]
Rendering template within layouts/knapek
Rendering knapek/index
Completed in 2ms (View: 1, DB: 0) | 200 OK [http://localhost/knapek]


Processing KnapekController#about (for 127.0.0.1 at 2010-07-22 19:12:08) [GET]
Rendering template within layouts/knapek
Rendering knapek/about
Completed in 2ms (View: 1, DB: 0) | 200 OK [http://localhost/knapek/about]


Processing KnapekController#about (for 127.0.0.1 at 2010-07-22 19:12:08) [GET]
Rendering template within layouts/knapek
Rendering knapek/about
Completed in 2ms (View: 1, DB: 0) | 200 OK [http://localhost/knapek/about]


Processing KnapekController#index (for 127.0.0.1 at 2010-07-22 19:12:10) [GET]
Rendering template within layouts/knapek
Rendering knapek/index
Completed in 2ms (View: 1, DB: 0) | 200 OK [http://localhost/knapek]


Processing KnapekController#index (for 127.0.0.1 at 2010-07-22 19:12:10) [GET]
Rendering template within layouts/knapek
Rendering knapek/index
Completed in 2ms (View: 1, DB: 0) | 200 OK [http://localhost/knapek]


Processing KnapekController#about (for 127.0.0.1 at 2010-07-22 19:12:10) [GET]
Rendering template within layouts/knapek
Rendering knapek/about
Completed in 2ms (View: 1, DB: 0) | 200 OK [http://localhost/knapek/about]


Processing KnapekController#about (for 127.0.0.1 at 2010-07-22 19:12:11) [GET]
Rendering template within layouts/knapek
Rendering knapek/about
Completed in 3ms (View: 2, DB: 0) | 200 OK [http://localhost/knapek/about]


Processing KnapekController#index (for 127.0.0.1 at 2010-07-22 19:12:11) [GET]
Rendering template within layouts/knapek
Rendering knapek/index
Completed in 2ms (View: 1, DB: 0) | 200 OK [http://localhost/knapek]


Processing KnapekController#index (for 127.0.0.1 at 2010-07-22 19:12:11) [GET]
Rendering template within layouts/knapek
Rendering knapek/index
Completed in 2ms (View: 1, DB: 0) | 200 OK [http://localhost/knapek]


Processing KnapekController#index (for 127.0.0.1 at 2010-07-22 19:13:14) [GET]
Rendering template within layouts/knapek
Rendering knapek/index
Completed in 8ms (View: 7, DB: 0) | 200 OK [http://localhost/knapek]


Processing KnapekController#index (for 127.0.0.1 at 2010-07-22 19:13:26) [GET]
Rendering template within layouts/knapek
Rendering knapek/index
Completed in 9ms (View: 7, DB: 0) | 200 OK [http://localhost/knapek]


Processing KnapekController#index (for 127.0.0.1 at 2010-07-22 19:13:50) [GET]
Rendering template within layouts/knapek
Rendering knapek/index
Completed in 9ms (View: 7, DB: 0) | 200 OK [http://localhost/knapek]


Processing KnapekController#index (for 127.0.0.1 at 2010-07-22 19:13:53) [GET]
Rendering template within layouts/knapek
Rendering knapek/index
Completed in 2ms (View: 1, DB: 0) | 200 OK [http://localhost/knapek]


Processing KnapekController#index (for 127.0.0.1 at 2010-07-22 19:14:00) [GET]
Rendering template within layouts/knapek
Rendering knapek/index
Completed in 8ms (View: 7, DB: 0) | 200 OK [http://localhost/knapek]


Processing KnapekController#index (for 127.0.0.1 at 2010-07-22 19:14:01) [GET]
Rendering template within layouts/knapek
Rendering knapek/index
Completed in 2ms (View: 1, DB: 0) | 200 OK [http://localhost/knapek]


Processing KnapekController#index (for 127.0.0.1 at 2010-07-22 19:14:13) [GET]
Rendering template within layouts/knapek
Rendering knapek/index
Completed in 9ms (View: 8, DB: 0) | 200 OK [http://localhost/knapek]


Processing KnapekController#index (for 127.0.0.1 at 2010-07-22 19:14:13) [GET]
Rendering template within layouts/knapek
Rendering knapek/index
Completed in 2ms (View: 1, DB: 0) | 200 OK [http://localhost/knapek]


Processing KnapekController#index (for 127.0.0.1 at 2010-07-22 19:14:21) [GET]
Rendering template within layouts/knapek
Rendering knapek/index
Completed in 9ms (View: 7, DB: 0) | 200 OK [http://localhost/knapek]


Processing KnapekController#index (for 127.0.0.1 at 2010-07-22 19:14:27) [GET]
Rendering template within layouts/knapek
Rendering knapek/index
Completed in 2ms (View: 1, DB: 0) | 200 OK [http://localhost/knapek]


Processing KnapekController#index (for 127.0.0.1 at 2010-07-22 19:14:27) [GET]
Rendering template within layouts/knapek
Rendering knapek/index
Completed in 2ms (View: 1, DB: 0) | 200 OK [http://localhost/knapek]


Processing KnapekController#index (for 127.0.0.1 at 2010-07-22 19:19:08) [GET]
Rendering template within layouts/knapek
Rendering knapek/index
Completed in 8ms (View: 7, DB: 0) | 200 OK [http://localhost/knapek]


Processing KnapekController#index (for 127.0.0.1 at 2010-07-22 19:19:08) [GET]
Rendering template within layouts/knapek
Rendering knapek/index
Completed in 2ms (View: 1, DB: 0) | 200 OK [http://localhost/knapek]


Processing KnapekController#about (for 127.0.0.1 at 2010-07-22 19:19:10) [GET]
Rendering template within layouts/knapek
Rendering knapek/about
Completed in 2ms (View: 1, DB: 0) | 200 OK [http://localhost/knapek/about]


Processing KnapekController#about (for 127.0.0.1 at 2010-07-22 19:19:10) [GET]
Rendering template within layouts/knapek
Rendering knapek/about
Completed in 11ms (View: 1, DB: 0) | 200 OK [http://localhost/knapek/about]


Processing KnapekController#about (for 127.0.0.1 at 2010-07-22 19:19:34) [GET]
Rendering template within layouts/knapek
Rendering knapek/about
Completed in 8ms (View: 7, DB: 0) | 200 OK [http://localhost/knapek/about]


Processing KnapekController#about (for 127.0.0.1 at 2010-07-22 19:19:34) [GET]
Rendering template within layouts/knapek
Rendering knapek/about
Completed in 10ms (View: 9, DB: 0) | 200 OK [http://localhost/knapek/about]


Processing KnapekController#index (for 127.0.0.1 at 2010-07-22 19:19:35) [GET]
Rendering template within layouts/knapek
Rendering knapek/index
Completed in 8ms (View: 7, DB: 0) | 200 OK [http://localhost/knapek]


Processing KnapekController#index (for 127.0.0.1 at 2010-07-22 19:19:35) [GET]
Rendering template within layouts/knapek
Rendering knapek/index
Completed in 8ms (View: 1, DB: 0) | 200 OK [http://localhost/knapek]


Processing KnapekController#about (for 127.0.0.1 at 2010-07-22 19:19:37) [GET]
Rendering template within layouts/knapek
Rendering knapek/about
Completed in 2ms (View: 1, DB: 0) | 200 OK [http://localhost/knapek/about]


Processing KnapekController#about (for 127.0.0.1 at 2010-07-22 19:19:37) [GET]
Rendering template within layouts/knapek
Rendering knapek/about
Completed in 2ms (View: 1, DB: 0) | 200 OK [http://localhost/knapek/about]


Processing KnapekController#about (for 127.0.0.1 at 2010-07-22 19:20:17) [GET]
Rendering template within layouts/knapek
Rendering knapek/about
Completed in 38ms (View: 1, DB: 0) | 200 OK [http://localhost/knapek/about]


Processing KnapekController#about (for 127.0.0.1 at 2010-07-22 19:20:17) [GET]
Rendering template within layouts/knapek
Rendering knapek/about
Completed in 2ms (View: 1, DB: 0) | 200 OK [http://localhost/knapek/about]


Processing KnapekController#index (for 127.0.0.1 at 2010-07-22 19:20:18) [GET]
Rendering template within layouts/knapek
Rendering knapek/index
Completed in 2ms (View: 1, DB: 0) | 200 OK [http://localhost/knapek]


Processing KnapekController#index (for 127.0.0.1 at 2010-07-22 19:20:18) [GET]
Rendering template within layouts/knapek
Rendering knapek/index
Completed in 9ms (View: 8, DB: 0) | 200 OK [http://localhost/knapek]


Processing KnapekController#galerie (for 127.0.0.1 at 2010-07-22 19:20:21) [GET]

ActionView::MissingTemplate (Missing template knapek/galerie.erb in view path app/views):
  <internal:prelude>:8:in `synchronize'
  /usr/local/lib/ruby/1.9.1/webrick/httpserver.rb:111:in `service'
  /usr/local/lib/ruby/1.9.1/webrick/httpserver.rb:70:in `run'
  /usr/local/lib/ruby/1.9.1/webrick/server.rb:183:in `block in start_thread'

Rendering rescues/layout (internal_server_error)


Processing KnapekController#galerie (for 127.0.0.1 at 2010-07-22 19:20:21) [GET]

ActionView::MissingTemplate (Missing template knapek/galerie.erb in view path app/views):
  <internal:prelude>:8:in `synchronize'
  /usr/local/lib/ruby/1.9.1/webrick/httpserver.rb:111:in `service'
  /usr/local/lib/ruby/1.9.1/webrick/httpserver.rb:70:in `run'
  /usr/local/lib/ruby/1.9.1/webrick/server.rb:183:in `block in start_thread'

Rendering rescues/layout (internal_server_error)


Processing KnapekController#galerie (for 127.0.0.1 at 2010-07-22 19:23:19) [GET]
Rendering template within layouts/knapek
Rendering knapek/galerie
Completed in 8ms (View: 7, DB: 0) | 200 OK [http://localhost/knapek/galerie]


Processing KnapekController#galerie (for 127.0.0.1 at 2010-07-22 19:23:19) [GET]
Rendering template within layouts/knapek
Rendering knapek/galerie
Completed in 4ms (View: 1, DB: 0) | 200 OK [http://localhost/knapek/galerie]


Processing KnapekController#index (for 127.0.0.1 at 2010-07-22 19:23:24) [GET]
Rendering template within layouts/knapek
Rendering knapek/index
Rendered knapek/_links (0.9ms)
Completed in 15ms (View: 14, DB: 0) | 200 OK [http://localhost/knapek/]


Processing KnapekController#index (for 127.0.0.1 at 2010-07-22 19:23:24) [GET]
Rendering template within layouts/knapek
Rendering knapek/index
Rendered knapek/_links (0.3ms)
Completed in 2ms (View: 1, DB: 0) | 200 OK [http://localhost/knapek/]


Processing KnapekController#galerie (for 127.0.0.1 at 2010-07-22 19:23:25) [GET]
Rendering template within layouts/knapek
Rendering knapek/galerie
Completed in 2ms (View: 1, DB: 0) | 200 OK [http://localhost/knapek/galerie]


Processing KnapekController#galerie (for 127.0.0.1 at 2010-07-22 19:23:25) [GET]
Rendering template within layouts/knapek
Rendering knapek/galerie
Completed in 2ms (View: 1, DB: 0) | 200 OK [http://localhost/knapek/galerie]


Processing KnapekController#galerie (for 127.0.0.1 at 2010-07-22 19:25:44) [GET]
Rendering template within layouts/knapek
Rendering knapek/galerie
Completed in 2ms (View: 1, DB: 0) | 200 OK [http://localhost/knapek/galerie]


Processing KnapekController#galerie (for 127.0.0.1 at 2010-07-22 19:25:44) [GET]
Rendering template within layouts/knapek
Rendering knapek/galerie
Completed in 6ms (View: 1, DB: 0) | 200 OK [http://localhost/knapek/galerie]


Processing KnapekController#Galerie (for 127.0.0.1 at 2010-07-22 19:25:46) [GET]

ActionController::UnknownAction (No action responded to Galerie. Actions: about, galerie, and index):
  <internal:prelude>:8:in `synchronize'
  /usr/local/lib/ruby/1.9.1/webrick/httpserver.rb:111:in `service'
  /usr/local/lib/ruby/1.9.1/webrick/httpserver.rb:70:in `run'
  /usr/local/lib/ruby/1.9.1/webrick/server.rb:183:in `block in start_thread'

Rendering rescues/layout (not_found)


Processing KnapekController#Galerie (for 127.0.0.1 at 2010-07-22 19:25:46) [GET]

ActionController::UnknownAction (No action responded to Galerie. Actions: about, galerie, and index):
  <internal:prelude>:8:in `synchronize'
  /usr/local/lib/ruby/1.9.1/webrick/httpserver.rb:111:in `service'
  /usr/local/lib/ruby/1.9.1/webrick/httpserver.rb:70:in `run'
  /usr/local/lib/ruby/1.9.1/webrick/server.rb:183:in `block in start_thread'

Rendering rescues/layout (not_found)


Processing KnapekController#galerie (for 127.0.0.1 at 2010-07-22 19:26:26) [GET]
Rendering template within layouts/knapek
Rendering knapek/galerie
Rendered knapek/_links (0.3ms)
Completed in 9ms (View: 7, DB: 0) | 200 OK [http://localhost/knapek/galerie]


Processing KnapekController#galerie (for 127.0.0.1 at 2010-07-22 19:26:26) [GET]
Rendering template within layouts/knapek
Rendering knapek/galerie
Rendered knapek/_links (0.3ms)
Completed in 3ms (View: 1, DB: 0) | 200 OK [http://localhost/knapek/galerie]


Processing KnapekController#index (for 127.0.0.1 at 2010-07-22 19:26:28) [GET]
Rendering template within layouts/knapek
Rendering knapek/index
Rendered knapek/_links (0.3ms)
Completed in 3ms (View: 1, DB: 0) | 200 OK [http://localhost/knapek]


Processing KnapekController#index (for 127.0.0.1 at 2010-07-22 19:26:28) [GET]
Rendering template within layouts/knapek
Rendering knapek/index
Rendered knapek/_links (0.3ms)
Completed in 6ms (View: 5, DB: 0) | 200 OK [http://localhost/knapek]


Processing KnapekController#about (for 127.0.0.1 at 2010-07-22 19:26:29) [GET]
Rendering template within layouts/knapek
Rendering knapek/about
Rendered knapek/_links (0.3ms)
Completed in 9ms (View: 8, DB: 0) | 200 OK [http://localhost/knapek/about]


Processing KnapekController#about (for 127.0.0.1 at 2010-07-22 19:26:29) [GET]
Rendering template within layouts/knapek
Rendering knapek/about
Rendered knapek/_links (0.3ms)
Completed in 2ms (View: 1, DB: 0) | 200 OK [http://localhost/knapek/about]


Processing KnapekController#galerie (for 127.0.0.1 at 2010-07-22 19:26:29) [GET]
Rendering template within layouts/knapek
Rendering knapek/galerie
Rendered knapek/_links (0.3ms)
Completed in 3ms (View: 1, DB: 0) | 200 OK [http://localhost/knapek/galerie]


Processing KnapekController#galerie (for 127.0.0.1 at 2010-07-22 19:26:29) [GET]
Rendering template within layouts/knapek
Rendering knapek/galerie
Rendered knapek/_links (0.3ms)
Completed in 7ms (View: 5, DB: 0) | 200 OK [http://localhost/knapek/galerie]


Processing KnapekController#index (for 127.0.0.1 at 2010-07-22 19:26:31) [GET]
Rendering template within layouts/knapek
Rendering knapek/index
Rendered knapek/_links (0.3ms)
Completed in 3ms (View: 2, DB: 0) | 200 OK [http://localhost/knapek]


Processing KnapekController#index (for 127.0.0.1 at 2010-07-22 19:26:31) [GET]
Rendering template within layouts/knapek
Rendering knapek/index
Rendered knapek/_links (0.3ms)
Completed in 11ms (View: 1, DB: 0) | 200 OK [http://localhost/knapek]


Processing KnapekController#about (for 127.0.0.1 at 2010-07-22 19:26:33) [GET]
Rendering template within layouts/knapek
Rendering knapek/about
Rendered knapek/_links (0.5ms)
Completed in 3ms (View: 2, DB: 0) | 200 OK [http://localhost/knapek/about]


Processing KnapekController#about (for 127.0.0.1 at 2010-07-22 19:26:33) [GET]
Rendering template within layouts/knapek
Rendering knapek/about
Rendered knapek/_links (0.3ms)
Completed in 3ms (View: 1, DB: 0) | 200 OK [http://localhost/knapek/about]


Processing KnapekController#galerie (for 127.0.0.1 at 2010-07-22 19:26:34) [GET]
Rendering template within layouts/knapek
Rendering knapek/galerie
Rendered knapek/_links (0.4ms)
Completed in 3ms (View: 1, DB: 0) | 200 OK [http://localhost/knapek/galerie]


Processing KnapekController#galerie (for 127.0.0.1 at 2010-07-22 19:26:34) [GET]
Rendering template within layouts/knapek
Rendering knapek/galerie
Rendered knapek/_links (0.3ms)
Completed in 2ms (View: 1, DB: 0) | 200 OK [http://localhost/knapek/galerie]


Processing KnapekController#galerie (for 127.0.0.1 at 2010-07-22 19:29:26) [GET]
Rendering template within layouts/knapek
Rendering knapek/galerie
Rendered knapek/_links (0.4ms)
Completed in 4ms (View: 3, DB: 0) | 200 OK [http://localhost/knapek/galerie]


Processing KnapekController#galerie (for 127.0.0.1 at 2010-07-22 19:29:26) [GET]
Rendering template within layouts/knapek
Rendering knapek/galerie
Rendered knapek/_links (0.4ms)
Completed in 8ms (View: 7, DB: 0) | 200 OK [http://localhost/knapek/galerie]


Processing KnapekController#index (for 127.0.0.1 at 2010-07-22 19:29:28) [GET]
Rendering template within layouts/knapek
Rendering knapek/index
Rendered knapek/_links (0.3ms)
Completed in 9ms (View: 8, DB: 0) | 200 OK [http://localhost/knapek]


Processing KnapekController#index (for 127.0.0.1 at 2010-07-22 19:29:28) [GET]
Rendering template within layouts/knapek
Rendering knapek/index
Rendered knapek/_links (1.6ms)
Completed in 11ms (View: 10, DB: 0) | 200 OK [http://localhost/knapek]


Processing ApplicationController#index (for 127.0.0.1 at 2010-07-22 19:29:31) [GET]

ActionController::RoutingError (No route matches "/galerie" with {:method=>:get}):
  <internal:prelude>:8:in `synchronize'
  /usr/local/lib/ruby/1.9.1/webrick/httpserver.rb:111:in `service'
  /usr/local/lib/ruby/1.9.1/webrick/httpserver.rb:70:in `run'
  /usr/local/lib/ruby/1.9.1/webrick/server.rb:183:in `block in start_thread'

Rendering rescues/layout (not_found)


Processing ApplicationController#index (for 127.0.0.1 at 2010-07-22 19:29:32) [GET]

ActionController::RoutingError (No route matches "/galerie" with {:method=>:get}):
  <internal:prelude>:8:in `synchronize'
  /usr/local/lib/ruby/1.9.1/webrick/httpserver.rb:111:in `service'
  /usr/local/lib/ruby/1.9.1/webrick/httpserver.rb:70:in `run'
  /usr/local/lib/ruby/1.9.1/webrick/server.rb:183:in `block in start_thread'

Rendering rescues/layout (not_found)


Processing ApplicationController#index (for 127.0.0.1 at 2010-07-22 19:29:39) [GET]

ActionController::RoutingError (No route matches "/galerie" with {:method=>:get}):
  <internal:prelude>:8:in `synchronize'
  /usr/local/lib/ruby/1.9.1/webrick/httpserver.rb:111:in `service'
  /usr/local/lib/ruby/1.9.1/webrick/httpserver.rb:70:in `run'
  /usr/local/lib/ruby/1.9.1/webrick/server.rb:183:in `block in start_thread'

Rendering rescues/layout (not_found)


Processing ApplicationController#index (for 127.0.0.1 at 2010-07-22 19:29:39) [GET]

ActionController::RoutingError (No route matches "/galerie" with {:method=>:get}):
  <internal:prelude>:8:in `synchronize'
  /usr/local/lib/ruby/1.9.1/webrick/httpserver.rb:111:in `service'
  /usr/local/lib/ruby/1.9.1/webrick/httpserver.rb:70:in `run'
  /usr/local/lib/ruby/1.9.1/webrick/server.rb:183:in `block in start_thread'

Rendering rescues/layout (not_found)


Processing ApplicationController#index (for 127.0.0.1 at 2010-07-22 19:29:40) [GET]

ActionController::RoutingError (No route matches "/galerie" with {:method=>:get}):
  <internal:prelude>:8:in `synchronize'
  /usr/local/lib/ruby/1.9.1/webrick/httpserver.rb:111:in `service'
  /usr/local/lib/ruby/1.9.1/webrick/httpserver.rb:70:in `run'
  /usr/local/lib/ruby/1.9.1/webrick/server.rb:183:in `block in start_thread'

Rendering rescues/layout (not_found)


Processing ApplicationController#index (for 127.0.0.1 at 2010-07-22 19:29:40) [GET]

ActionController::RoutingError (No route matches "/galerie" with {:method=>:get}):
  <internal:prelude>:8:in `synchronize'
  /usr/local/lib/ruby/1.9.1/webrick/httpserver.rb:111:in `service'
  /usr/local/lib/ruby/1.9.1/webrick/httpserver.rb:70:in `run'
  /usr/local/lib/ruby/1.9.1/webrick/server.rb:183:in `block in start_thread'

Rendering rescues/layout (not_found)


Processing ApplicationController#index (for 127.0.0.1 at 2010-07-22 19:29:53) [GET]

ActionController::RoutingError (No route matches "/galerie" with {:method=>:get}):
  <internal:prelude>:8:in `synchronize'
  /usr/local/lib/ruby/1.9.1/webrick/httpserver.rb:111:in `service'
  /usr/local/lib/ruby/1.9.1/webrick/httpserver.rb:70:in `run'
  /usr/local/lib/ruby/1.9.1/webrick/server.rb:183:in `block in start_thread'

Rendering rescues/layout (not_found)


Processing ApplicationController#index (for 127.0.0.1 at 2010-07-22 19:29:53) [GET]

ActionController::RoutingError (No route matches "/galerie" with {:method=>:get}):
  <internal:prelude>:8:in `synchronize'
  /usr/local/lib/ruby/1.9.1/webrick/httpserver.rb:111:in `service'
  /usr/local/lib/ruby/1.9.1/webrick/httpserver.rb:70:in `run'
  /usr/local/lib/ruby/1.9.1/webrick/server.rb:183:in `block in start_thread'

Rendering rescues/layout (not_found)


Processing ApplicationController#index (for 127.0.0.1 at 2010-07-22 19:29:54) [GET]

ActionController::RoutingError (No route matches "/galerie" with {:method=>:get}):
  <internal:prelude>:8:in `synchronize'
  /usr/local/lib/ruby/1.9.1/webrick/httpserver.rb:111:in `service'
  /usr/local/lib/ruby/1.9.1/webrick/httpserver.rb:70:in `run'
  /usr/local/lib/ruby/1.9.1/webrick/server.rb:183:in `block in start_thread'

Rendering rescues/layout (not_found)


Processing ApplicationController#index (for 127.0.0.1 at 2010-07-22 19:29:54) [GET]

ActionController::RoutingError (No route matches "/galerie" with {:method=>:get}):
  <internal:prelude>:8:in `synchronize'
  /usr/local/lib/ruby/1.9.1/webrick/httpserver.rb:111:in `service'
  /usr/local/lib/ruby/1.9.1/webrick/httpserver.rb:70:in `run'
  /usr/local/lib/ruby/1.9.1/webrick/server.rb:183:in `block in start_thread'

Rendering rescues/layout (not_found)
  [4;36;1mSQL (0.4ms)[0m   [0;1m SELECT name
 FROM sqlite_master
 WHERE type = 'table' AND NOT name = 'sqlite_sequence'
[0m
  [4;35;1mSQL (0.1ms)[0m   [0mselect sqlite_version(*)[0m
  [4;36;1mSQL (165.5ms)[0m   [0;1mCREATE TABLE "schema_migrations" ("version" varchar(255) NOT NULL) [0m
  [4;35;1mSQL (0.1ms)[0m   [0mPRAGMA index_list("schema_migrations")[0m
  [4;36;1mSQL (102.9ms)[0m   [0;1mCREATE UNIQUE INDEX "unique_schema_migrations" ON "schema_migrations" ("version")[0m
  [4;35;1mSQL (0.2ms)[0m   [0m SELECT name
 FROM sqlite_master
 WHERE type = 'table' AND NOT name = 'sqlite_sequence'
[0m
  [4;36;1mSQL (0.1ms)[0m   [0;1mSELECT version FROM schema_migrations[0m
  [4;36;1mSQL (0.4ms)[0m   [0;1m SELECT name
 FROM sqlite_master
 WHERE type = 'table' AND NOT name = 'sqlite_sequence'
[0m
  [4;35;1mSQL (0.1ms)[0m   [0mSELECT version FROM schema_migrations[0m
Migrating to CreateGaleries (20100722172856)
  [4;36;1mSQL (0.1ms)[0m   [0;1mselect sqlite_version(*)[0m
  [4;35;1mSQL (0.6ms)[0m   [0mCREATE TABLE "galeries" ("id" INTEGER PRIMARY KEY AUTOINCREMENT NOT NULL, "name" varchar(255), "desc" text, "created_at" datetime, "updated_at" datetime) [0m
  [4;36;1mSQL (0.1ms)[0m   [0;1mINSERT INTO schema_migrations (version) VALUES ('20100722172856')[0m
  [4;35;1mSQL (0.2ms)[0m   [0m SELECT name
 FROM sqlite_master
 WHERE type = 'table' AND NOT name = 'sqlite_sequence'
[0m
  [4;36;1mSQL (0.1ms)[0m   [0;1mSELECT version FROM schema_migrations[0m
  [4;35;1mSQL (0.1ms)[0m   [0m SELECT name
 FROM sqlite_master
 WHERE type = 'table' AND NOT name = 'sqlite_sequence'
[0m
  [4;36;1mSQL (0.1ms)[0m   [0;1mPRAGMA index_list("galeries")[0m


Processing ApplicationController#index (for 127.0.0.1 at 2010-07-22 19:32:01) [GET]

ActionController::RoutingError (No route matches "/galerie" with {:method=>:get}):
  <internal:prelude>:8:in `synchronize'
  /usr/local/lib/ruby/1.9.1/webrick/httpserver.rb:111:in `service'
  /usr/local/lib/ruby/1.9.1/webrick/httpserver.rb:70:in `run'
  /usr/local/lib/ruby/1.9.1/webrick/server.rb:183:in `block in start_thread'

Rendering rescues/layout (not_found)


Processing ApplicationController#index (for 127.0.0.1 at 2010-07-22 19:32:01) [GET]

ActionController::RoutingError (No route matches "/galerie" with {:method=>:get}):
  <internal:prelude>:8:in `synchronize'
  /usr/local/lib/ruby/1.9.1/webrick/httpserver.rb:111:in `service'
  /usr/local/lib/ruby/1.9.1/webrick/httpserver.rb:70:in `run'
  /usr/local/lib/ruby/1.9.1/webrick/server.rb:183:in `block in start_thread'

Rendering rescues/layout (not_found)


Processing GaleriesController#index (for 127.0.0.1 at 2010-07-22 19:32:06) [GET]
  [4;36;1mGalerie Load (0.5ms)[0m   [0;1mSELECT * FROM "galeries" [0m
Rendering template within layouts/galeries
Rendering galeries/index

ActionView::TemplateError (undefined local variable or method `new_galerie_path' for #<ActionView::Base:0xaafaeb0>) on line #22 of app/views/galeries/index.html.erb:
19: 
20: <br />
21: 
22: <%= link_to 'New galerie', new_galerie_path %>

    app/views/galeries/index.html.erb:22
    app/controllers/galeries_controller.rb:7:in `index'
    <internal:prelude>:8:in `synchronize'
    /usr/local/lib/ruby/1.9.1/webrick/httpserver.rb:111:in `service'
    /usr/local/lib/ruby/1.9.1/webrick/httpserver.rb:70:in `run'
    /usr/local/lib/ruby/1.9.1/webrick/server.rb:183:in `block in start_thread'

Rendered rescues/_trace (57.9ms)
Rendered rescues/_request_and_response (1.4ms)
Rendering rescues/layout (internal_server_error)


Processing GaleriesController#index (for 127.0.0.1 at 2010-07-22 19:32:06) [GET]
  [4;35;1mGalerie Load (0.3ms)[0m   [0mSELECT * FROM "galeries" [0m
Rendering template within layouts/galeries
Rendering galeries/index

ActionView::TemplateError (undefined local variable or method `new_galerie_path' for #<ActionView::Base:0xad7cbe8>) on line #22 of app/views/galeries/index.html.erb:
19: 
20: <br />
21: 
22: <%= link_to 'New galerie', new_galerie_path %>

    app/views/galeries/index.html.erb:22
    app/controllers/galeries_controller.rb:7:in `index'
    <internal:prelude>:8:in `synchronize'
    /usr/local/lib/ruby/1.9.1/webrick/httpserver.rb:111:in `service'
    /usr/local/lib/ruby/1.9.1/webrick/httpserver.rb:70:in `run'
    /usr/local/lib/ruby/1.9.1/webrick/server.rb:183:in `block in start_thread'

Rendered rescues/_trace (95.6ms)
Rendered rescues/_request_and_response (0.3ms)
Rendering rescues/layout (internal_server_error)


Processing ApplicationController#index (for 127.0.0.1 at 2010-07-22 19:32:24) [GET]

ActionController::RoutingError (No route matches "/galery" with {:method=>:get}):
  <internal:prelude>:8:in `synchronize'
  /usr/local/lib/ruby/1.9.1/webrick/httpserver.rb:111:in `service'
  /usr/local/lib/ruby/1.9.1/webrick/httpserver.rb:70:in `run'
  /usr/local/lib/ruby/1.9.1/webrick/server.rb:183:in `block in start_thread'

Rendering rescues/layout (not_found)


Processing ApplicationController#index (for 127.0.0.1 at 2010-07-22 19:32:24) [GET]

ActionController::RoutingError (No route matches "/galery" with {:method=>:get}):
  <internal:prelude>:8:in `synchronize'
  /usr/local/lib/ruby/1.9.1/webrick/httpserver.rb:111:in `service'
  /usr/local/lib/ruby/1.9.1/webrick/httpserver.rb:70:in `run'
  /usr/local/lib/ruby/1.9.1/webrick/server.rb:183:in `block in start_thread'

Rendering rescues/layout (not_found)


Processing ApplicationController#index (for 127.0.0.1 at 2010-07-22 19:32:27) [GET]

ActionController::RoutingError (No route matches "/gallery" with {:method=>:get}):
  <internal:prelude>:8:in `synchronize'
  /usr/local/lib/ruby/1.9.1/webrick/httpserver.rb:111:in `service'
  /usr/local/lib/ruby/1.9.1/webrick/httpserver.rb:70:in `run'
  /usr/local/lib/ruby/1.9.1/webrick/server.rb:183:in `block in start_thread'

Rendering rescues/layout (not_found)


Processing ApplicationController#index (for 127.0.0.1 at 2010-07-22 19:32:27) [GET]

ActionController::RoutingError (No route matches "/gallery" with {:method=>:get}):
  <internal:prelude>:8:in `synchronize'
  /usr/local/lib/ruby/1.9.1/webrick/httpserver.rb:111:in `service'
  /usr/local/lib/ruby/1.9.1/webrick/httpserver.rb:70:in `run'
  /usr/local/lib/ruby/1.9.1/webrick/server.rb:183:in `block in start_thread'

Rendering rescues/layout (not_found)


Processing ApplicationController#index (for 127.0.0.1 at 2010-07-22 19:32:38) [GET]

ActionController::RoutingError (No route matches "/galerie" with {:method=>:get}):
  <internal:prelude>:8:in `synchronize'
  /usr/local/lib/ruby/1.9.1/webrick/httpserver.rb:111:in `service'
  /usr/local/lib/ruby/1.9.1/webrick/httpserver.rb:70:in `run'
  /usr/local/lib/ruby/1.9.1/webrick/server.rb:183:in `block in start_thread'

Rendering rescues/layout (not_found)


Processing ApplicationController#index (for 127.0.0.1 at 2010-07-22 19:32:38) [GET]

ActionController::RoutingError (No route matches "/galerie" with {:method=>:get}):
  <internal:prelude>:8:in `synchronize'
  /usr/local/lib/ruby/1.9.1/webrick/httpserver.rb:111:in `service'
  /usr/local/lib/ruby/1.9.1/webrick/httpserver.rb:70:in `run'
  /usr/local/lib/ruby/1.9.1/webrick/server.rb:183:in `block in start_thread'

Rendering rescues/layout (not_found)


Processing GaleriesController#index (for 127.0.0.1 at 2010-07-22 19:32:54) [GET]
  [4;36;1mGalerie Load (0.3ms)[0m   [0;1mSELECT * FROM "galeries" [0m
Rendering template within layouts/galeries
Rendering galeries/index

ActionView::TemplateError (undefined local variable or method `new_galerie_path' for #<ActionView::Base:0xa69ea4c>) on line #22 of app/views/galeries/index.html.erb:
19: 
20: <br />
21: 
22: <%= link_to 'New galerie', new_galerie_path %>

    app/views/galeries/index.html.erb:22
    app/controllers/galeries_controller.rb:7:in `index'
    <internal:prelude>:8:in `synchronize'
    /usr/local/lib/ruby/1.9.1/webrick/httpserver.rb:111:in `service'
    /usr/local/lib/ruby/1.9.1/webrick/httpserver.rb:70:in `run'
    /usr/local/lib/ruby/1.9.1/webrick/server.rb:183:in `block in start_thread'

Rendered rescues/_trace (97.8ms)
Rendered rescues/_request_and_response (0.3ms)
Rendering rescues/layout (internal_server_error)


Processing GaleriesController#index (for 127.0.0.1 at 2010-07-22 19:32:55) [GET]
  [4;35;1mGalerie Load (0.3ms)[0m   [0mSELECT * FROM "galeries" [0m
Rendering template within layouts/galeries
Rendering galeries/index

ActionView::TemplateError (undefined local variable or method `new_galerie_path' for #<ActionView::Base:0xad1d0a8>) on line #22 of app/views/galeries/index.html.erb:
19: 
20: <br />
21: 
22: <%= link_to 'New galerie', new_galerie_path %>

    app/views/galeries/index.html.erb:22
    app/controllers/galeries_controller.rb:7:in `index'
    <internal:prelude>:8:in `synchronize'
    /usr/local/lib/ruby/1.9.1/webrick/httpserver.rb:111:in `service'
    /usr/local/lib/ruby/1.9.1/webrick/httpserver.rb:70:in `run'
    /usr/local/lib/ruby/1.9.1/webrick/server.rb:183:in `block in start_thread'

Rendered rescues/_trace (60.0ms)
Rendered rescues/_request_and_response (0.2ms)
Rendering rescues/layout (internal_server_error)


Processing KnapekController#index (for 127.0.0.1 at 2010-07-22 19:34:54) [GET]
Rendering template within layouts/knapek
Rendering knapek/index
Rendered knapek/_links (0.9ms)
Completed in 25ms (View: 23, DB: 0) | 200 OK [http://localhost/knapek]


Processing KnapekController#index (for 127.0.0.1 at 2010-07-22 19:34:54) [GET]
Rendering template within layouts/knapek
Rendering knapek/index
Rendered knapek/_links (8.0ms)
Completed in 10ms (View: 9, DB: 0) | 200 OK [http://localhost/knapek]


Processing ApplicationController#index (for 127.0.0.1 at 2010-07-22 19:34:55) [GET]

ActionController::RoutingError (No route matches "/galerie" with {:method=>:get}):
  <internal:prelude>:8:in `synchronize'
  /usr/local/lib/ruby/1.9.1/webrick/httpserver.rb:111:in `service'
  /usr/local/lib/ruby/1.9.1/webrick/httpserver.rb:70:in `run'
  /usr/local/lib/ruby/1.9.1/webrick/server.rb:183:in `block in start_thread'

Rendering rescues/layout (not_found)


Processing ApplicationController#index (for 127.0.0.1 at 2010-07-22 19:34:55) [GET]

ActionController::RoutingError (No route matches "/galerie" with {:method=>:get}):
  <internal:prelude>:8:in `synchronize'
  /usr/local/lib/ruby/1.9.1/webrick/httpserver.rb:111:in `service'
  /usr/local/lib/ruby/1.9.1/webrick/httpserver.rb:70:in `run'
  /usr/local/lib/ruby/1.9.1/webrick/server.rb:183:in `block in start_thread'

Rendering rescues/layout (not_found)


Processing KnapekController#index (for 127.0.0.1 at 2010-07-22 19:35:09) [GET]
Rendering template within layouts/knapek
Rendering knapek/index
Rendered knapek/_links (0.3ms)
Completed in 9ms (View: 8, DB: 0) | 200 OK [http://localhost/knapek]


Processing KnapekController#index (for 127.0.0.1 at 2010-07-22 19:35:09) [GET]
Rendering template within layouts/knapek
Rendering knapek/index
Rendered knapek/_links (0.3ms)
Completed in 3ms (View: 1, DB: 0) | 200 OK [http://localhost/knapek]


Processing GalleriesController#index (for 127.0.0.1 at 2010-07-22 19:35:10) [GET]
  [4;36;1mGallery Load (0.0ms)[0m   [0;1mSQLite3::SQLException: no such table: galleries: SELECT * FROM "galleries" [0m

ActiveRecord::StatementInvalid (SQLite3::SQLException: no such table: galleries: SELECT * FROM "galleries" ):
  app/controllers/galleries_controller.rb:5:in `index'
  <internal:prelude>:8:in `synchronize'
  /usr/local/lib/ruby/1.9.1/webrick/httpserver.rb:111:in `service'
  /usr/local/lib/ruby/1.9.1/webrick/httpserver.rb:70:in `run'
  /usr/local/lib/ruby/1.9.1/webrick/server.rb:183:in `block in start_thread'

Rendered rescues/_trace (53.7ms)
Rendered rescues/_request_and_response (1.5ms)
Rendering rescues/layout (internal_server_error)


Processing GalleriesController#index (for 127.0.0.1 at 2010-07-22 19:35:10) [GET]
  [4;35;1mGallery Load (0.0ms)[0m   [0mSQLite3::SQLException: no such table: galleries: SELECT * FROM "galleries" [0m

ActiveRecord::StatementInvalid (SQLite3::SQLException: no such table: galleries: SELECT * FROM "galleries" ):
  app/controllers/galleries_controller.rb:5:in `index'
  <internal:prelude>:8:in `synchronize'
  /usr/local/lib/ruby/1.9.1/webrick/httpserver.rb:111:in `service'
  /usr/local/lib/ruby/1.9.1/webrick/httpserver.rb:70:in `run'
  /usr/local/lib/ruby/1.9.1/webrick/server.rb:183:in `block in start_thread'

Rendered rescues/_trace (102.2ms)
Rendered rescues/_request_and_response (0.2ms)
Rendering rescues/layout (internal_server_error)
  [4;36;1mSQL (0.5ms)[0m   [0;1m SELECT name
 FROM sqlite_master
 WHERE type = 'table' AND NOT name = 'sqlite_sequence'
[0m
  [4;35;1mSQL (0.2ms)[0m   [0mSELECT version FROM schema_migrations[0m
Migrating to CreateGalleries (20100722173429)
  [4;36;1mSQL (0.1ms)[0m   [0;1mselect sqlite_version(*)[0m
  [4;35;1mSQL (0.5ms)[0m   [0mCREATE TABLE "galleries" ("id" INTEGER PRIMARY KEY AUTOINCREMENT NOT NULL, "name" varchar(255), "desc" text, "created_at" datetime, "updated_at" datetime) [0m
  [4;36;1mSQL (0.1ms)[0m   [0;1mINSERT INTO schema_migrations (version) VALUES ('20100722173429')[0m
  [4;35;1mSQL (0.2ms)[0m   [0m SELECT name
 FROM sqlite_master
 WHERE type = 'table' AND NOT name = 'sqlite_sequence'
[0m
  [4;36;1mSQL (0.1ms)[0m   [0;1mSELECT version FROM schema_migrations[0m
  [4;35;1mSQL (0.1ms)[0m   [0m SELECT name
 FROM sqlite_master
 WHERE type = 'table' AND NOT name = 'sqlite_sequence'
[0m
  [4;36;1mSQL (0.1ms)[0m   [0;1mPRAGMA index_list("galeries")[0m
  [4;35;1mSQL (0.0ms)[0m   [0mPRAGMA index_list("galleries")[0m


Processing GalleriesController#index (for 127.0.0.1 at 2010-07-22 19:35:34) [GET]
  [4;36;1mGallery Load (0.5ms)[0m   [0;1mSELECT * FROM "galleries" [0m
Rendering template within layouts/galleries
Rendering galleries/index
Completed in 21ms (View: 17, DB: 0) | 200 OK [http://localhost/galleries]


Processing GalleriesController#index (for 127.0.0.1 at 2010-07-22 19:35:34) [GET]
  [4;35;1mGallery Load (0.3ms)[0m   [0mSELECT * FROM "galleries" [0m
Rendering template within layouts/galleries
Rendering galleries/index
Completed in 10ms (View: 1, DB: 0) | 200 OK [http://localhost/galleries]


Processing KnapekController#index (for 127.0.0.1 at 2010-07-22 19:37:50) [GET]
Rendering template within layouts/knapek
Rendering knapek/index
Rendered knapek/_links (1.1ms)

ActionView::TemplateError (Missing template knapek/_index.erb in view path app/views) on line #1 of app/views/layouts/knapek.erb:
1: <%= render :partial => "index" %>

    app/views/layouts/knapek.erb:1
    <internal:prelude>:8:in `synchronize'
    /usr/local/lib/ruby/1.9.1/webrick/httpserver.rb:111:in `service'
    /usr/local/lib/ruby/1.9.1/webrick/httpserver.rb:70:in `run'
    /usr/local/lib/ruby/1.9.1/webrick/server.rb:183:in `block in start_thread'

Rendered rescues/_trace (60.2ms)
Rendered rescues/_request_and_response (1.2ms)
Rendering rescues/layout (internal_server_error)


Processing KnapekController#index (for 127.0.0.1 at 2010-07-22 19:37:50) [GET]
Rendering template within layouts/knapek
Rendering knapek/index
Rendered knapek/_links (0.4ms)

ActionView::TemplateError (Missing template knapek/_index.erb in view path app/views) on line #1 of app/views/layouts/knapek.erb:
1: <%= render :partial => "index" %>

    app/views/layouts/knapek.erb:1
    <internal:prelude>:8:in `synchronize'
    /usr/local/lib/ruby/1.9.1/webrick/httpserver.rb:111:in `service'
    /usr/local/lib/ruby/1.9.1/webrick/httpserver.rb:70:in `run'
    /usr/local/lib/ruby/1.9.1/webrick/server.rb:183:in `block in start_thread'

Rendered rescues/_trace (104.0ms)
Rendered rescues/_request_and_response (0.3ms)
Rendering rescues/layout (internal_server_error)


Processing KnapekController#index (for 127.0.0.1 at 2010-07-22 19:38:16) [GET]
Rendering template within layouts/knapek
Rendering knapek/index
Rendered knapek/_links (0.3ms)

ActionView::TemplateError (Missing template knapek/_index.erb in view path app/views) on line #1 of app/views/layouts/knapek.erb:
1: <%= render :partial => "index" %>

    app/views/layouts/knapek.erb:1
    <internal:prelude>:8:in `synchronize'
    /usr/local/lib/ruby/1.9.1/webrick/httpserver.rb:111:in `service'
    /usr/local/lib/ruby/1.9.1/webrick/httpserver.rb:70:in `run'
    /usr/local/lib/ruby/1.9.1/webrick/server.rb:183:in `block in start_thread'

Rendered rescues/_trace (53.7ms)
Rendered rescues/_request_and_response (0.3ms)
Rendering rescues/layout (internal_server_error)


Processing KnapekController#index (for 127.0.0.1 at 2010-07-22 19:38:16) [GET]
Rendering template within layouts/knapek
Rendering knapek/index
Rendered knapek/_links (0.3ms)

ActionView::TemplateError (Missing template knapek/_index.erb in view path app/views) on line #1 of app/views/layouts/knapek.erb:
1: <%= render :partial => "index" %>

    app/views/layouts/knapek.erb:1
    <internal:prelude>:8:in `synchronize'
    /usr/local/lib/ruby/1.9.1/webrick/httpserver.rb:111:in `service'
    /usr/local/lib/ruby/1.9.1/webrick/httpserver.rb:70:in `run'
    /usr/local/lib/ruby/1.9.1/webrick/server.rb:183:in `block in start_thread'

Rendered rescues/_trace (106.4ms)
Rendered rescues/_request_and_response (0.2ms)
Rendering rescues/layout (internal_server_error)


Processing KnapekController#index (for 127.0.0.1 at 2010-07-22 19:38:17) [GET]
Rendering template within layouts/knapek
Rendering knapek/index
Rendered knapek/_links (0.4ms)

ActionView::TemplateError (Missing template knapek/_index.erb in view path app/views) on line #1 of app/views/layouts/knapek.erb:
1: <%= render :partial => "index" %>

    app/views/layouts/knapek.erb:1
    <internal:prelude>:8:in `synchronize'
    /usr/local/lib/ruby/1.9.1/webrick/httpserver.rb:111:in `service'
    /usr/local/lib/ruby/1.9.1/webrick/httpserver.rb:70:in `run'
    /usr/local/lib/ruby/1.9.1/webrick/server.rb:183:in `block in start_thread'

Rendered rescues/_trace (54.9ms)
Rendered rescues/_request_and_response (0.3ms)
Rendering rescues/layout (internal_server_error)


Processing KnapekController#index (for 127.0.0.1 at 2010-07-22 19:38:17) [GET]
Rendering template within layouts/knapek
Rendering knapek/index
Rendered knapek/_links (0.4ms)

ActionView::TemplateError (Missing template knapek/_index.erb in view path app/views) on line #1 of app/views/layouts/knapek.erb:
1: <%= render :partial => "index" %>

    app/views/layouts/knapek.erb:1
    <internal:prelude>:8:in `synchronize'
    /usr/local/lib/ruby/1.9.1/webrick/httpserver.rb:111:in `service'
    /usr/local/lib/ruby/1.9.1/webrick/httpserver.rb:70:in `run'
    /usr/local/lib/ruby/1.9.1/webrick/server.rb:183:in `block in start_thread'

Rendered rescues/_trace (54.9ms)
Rendered rescues/_request_and_response (0.2ms)
Rendering rescues/layout (internal_server_error)


Processing KnapekController#index (for 127.0.0.1 at 2010-07-22 19:38:17) [GET]
Rendering template within layouts/knapek
Rendering knapek/index
Rendered knapek/_links (0.3ms)

ActionView::TemplateError (Missing template knapek/_index.erb in view path app/views) on line #1 of app/views/layouts/knapek.erb:
1: <%= render :partial => "index" %>

    app/views/layouts/knapek.erb:1
    <internal:prelude>:8:in `synchronize'
    /usr/local/lib/ruby/1.9.1/webrick/httpserver.rb:111:in `service'
    /usr/local/lib/ruby/1.9.1/webrick/httpserver.rb:70:in `run'
    /usr/local/lib/ruby/1.9.1/webrick/server.rb:183:in `block in start_thread'

Rendered rescues/_trace (55.0ms)
Rendered rescues/_request_and_response (0.2ms)
Rendering rescues/layout (internal_server_error)


Processing KnapekController#index (for 127.0.0.1 at 2010-07-22 19:38:17) [GET]
Rendering template within layouts/knapek
Rendering knapek/index
Rendered knapek/_links (0.4ms)

ActionView::TemplateError (Missing template knapek/_index.erb in view path app/views) on line #1 of app/views/layouts/knapek.erb:
1: <%= render :partial => "index" %>

    app/views/layouts/knapek.erb:1
    <internal:prelude>:8:in `synchronize'
    /usr/local/lib/ruby/1.9.1/webrick/httpserver.rb:111:in `service'
    /usr/local/lib/ruby/1.9.1/webrick/httpserver.rb:70:in `run'
    /usr/local/lib/ruby/1.9.1/webrick/server.rb:183:in `block in start_thread'

Rendered rescues/_trace (59.4ms)
Rendered rescues/_request_and_response (0.3ms)
Rendering rescues/layout (internal_server_error)


Processing KnapekController#index (for 127.0.0.1 at 2010-07-22 19:38:19) [GET]
Rendering template within layouts/knapek
Rendering knapek/index
Rendered knapek/_links (0.3ms)

ActionView::TemplateError (Missing template knapek/_index.erb in view path app/views) on line #1 of app/views/layouts/knapek.erb:
1: <%= render :partial => "index" %>

    app/views/layouts/knapek.erb:1
    <internal:prelude>:8:in `synchronize'
    /usr/local/lib/ruby/1.9.1/webrick/httpserver.rb:111:in `service'
    /usr/local/lib/ruby/1.9.1/webrick/httpserver.rb:70:in `run'
    /usr/local/lib/ruby/1.9.1/webrick/server.rb:183:in `block in start_thread'

Rendered rescues/_trace (55.0ms)
Rendered rescues/_request_and_response (0.3ms)
Rendering rescues/layout (internal_server_error)


Processing KnapekController#index (for 127.0.0.1 at 2010-07-22 19:38:19) [GET]
Rendering template within layouts/knapek
Rendering knapek/index
Rendered knapek/_links (0.3ms)

ActionView::TemplateError (Missing template knapek/_index.erb in view path app/views) on line #1 of app/views/layouts/knapek.erb:
1: <%= render :partial => "index" %>

    app/views/layouts/knapek.erb:1
    <internal:prelude>:8:in `synchronize'
    /usr/local/lib/ruby/1.9.1/webrick/httpserver.rb:111:in `service'
    /usr/local/lib/ruby/1.9.1/webrick/httpserver.rb:70:in `run'
    /usr/local/lib/ruby/1.9.1/webrick/server.rb:183:in `block in start_thread'

Rendered rescues/_trace (53.4ms)
Rendered rescues/_request_and_response (0.2ms)
Rendering rescues/layout (internal_server_error)


Processing KnapekController#index (for 127.0.0.1 at 2010-07-22 19:38:19) [GET]
Rendering template within layouts/knapek
Rendering knapek/index
Rendered knapek/_links (0.3ms)

ActionView::TemplateError (Missing template knapek/_index.erb in view path app/views) on line #1 of app/views/layouts/knapek.erb:
1: <%= render :partial => "index" %>

    app/views/layouts/knapek.erb:1
    <internal:prelude>:8:in `synchronize'
    /usr/local/lib/ruby/1.9.1/webrick/httpserver.rb:111:in `service'
    /usr/local/lib/ruby/1.9.1/webrick/httpserver.rb:70:in `run'
    /usr/local/lib/ruby/1.9.1/webrick/server.rb:183:in `block in start_thread'

Rendered rescues/_trace (104.4ms)
Rendered rescues/_request_and_response (0.3ms)
Rendering rescues/layout (internal_server_error)


Processing KnapekController#index (for 127.0.0.1 at 2010-07-22 19:38:19) [GET]
Rendering template within layouts/knapek
Rendering knapek/index
Rendered knapek/_links (0.4ms)

ActionView::TemplateError (Missing template knapek/_index.erb in view path app/views) on line #1 of app/views/layouts/knapek.erb:
1: <%= render :partial => "index" %>

    app/views/layouts/knapek.erb:1
    <internal:prelude>:8:in `synchronize'
    /usr/local/lib/ruby/1.9.1/webrick/httpserver.rb:111:in `service'
    /usr/local/lib/ruby/1.9.1/webrick/httpserver.rb:70:in `run'
    /usr/local/lib/ruby/1.9.1/webrick/server.rb:183:in `block in start_thread'

Rendered rescues/_trace (58.9ms)
Rendered rescues/_request_and_response (0.6ms)
Rendering rescues/layout (internal_server_error)


Processing KnapekController#index (for 127.0.0.1 at 2010-07-22 19:38:19) [GET]
Rendering template within layouts/knapek
Rendering knapek/index
Rendered knapek/_links (0.3ms)

ActionView::TemplateError (Missing template knapek/_index.erb in view path app/views) on line #1 of app/views/layouts/knapek.erb:
1: <%= render :partial => "index" %>

    app/views/layouts/knapek.erb:1
    <internal:prelude>:8:in `synchronize'
    /usr/local/lib/ruby/1.9.1/webrick/httpserver.rb:111:in `service'
    /usr/local/lib/ruby/1.9.1/webrick/httpserver.rb:70:in `run'
    /usr/local/lib/ruby/1.9.1/webrick/server.rb:183:in `block in start_thread'

Rendered rescues/_trace (98.5ms)
Rendered rescues/_request_and_response (0.3ms)
Rendering rescues/layout (internal_server_error)


Processing KnapekController#index (for 127.0.0.1 at 2010-07-22 19:38:19) [GET]
Rendering template within layouts/knapek
Rendering knapek/index
Rendered knapek/_links (0.3ms)

ActionView::TemplateError (Missing template knapek/_index.erb in view path app/views) on line #1 of app/views/layouts/knapek.erb:
1: <%= render :partial => "index" %>

    app/views/layouts/knapek.erb:1
    <internal:prelude>:8:in `synchronize'
    /usr/local/lib/ruby/1.9.1/webrick/httpserver.rb:111:in `service'
    /usr/local/lib/ruby/1.9.1/webrick/httpserver.rb:70:in `run'
    /usr/local/lib/ruby/1.9.1/webrick/server.rb:183:in `block in start_thread'

Rendered rescues/_trace (64.1ms)
Rendered rescues/_request_and_response (0.3ms)
Rendering rescues/layout (internal_server_error)


Processing KnapekController#index (for 127.0.0.1 at 2010-07-22 19:38:20) [GET]
Rendering template within layouts/knapek
Rendering knapek/index
Rendered knapek/_links (0.3ms)

ActionView::TemplateError (Missing template knapek/_index.erb in view path app/views) on line #1 of app/views/layouts/knapek.erb:
1: <%= render :partial => "index" %>

    app/views/layouts/knapek.erb:1
    <internal:prelude>:8:in `synchronize'
    /usr/local/lib/ruby/1.9.1/webrick/httpserver.rb:111:in `service'
    /usr/local/lib/ruby/1.9.1/webrick/httpserver.rb:70:in `run'
    /usr/local/lib/ruby/1.9.1/webrick/server.rb:183:in `block in start_thread'

Rendered rescues/_trace (102.9ms)
Rendered rescues/_request_and_response (0.3ms)
Rendering rescues/layout (internal_server_error)


Processing KnapekController#index (for 127.0.0.1 at 2010-07-22 19:38:20) [GET]
Rendering template within layouts/knapek
Rendering knapek/index
Rendered knapek/_links (0.4ms)

ActionView::TemplateError (Missing template knapek/_index.erb in view path app/views) on line #1 of app/views/layouts/knapek.erb:
1: <%= render :partial => "index" %>

    app/views/layouts/knapek.erb:1
    <internal:prelude>:8:in `synchronize'
    /usr/local/lib/ruby/1.9.1/webrick/httpserver.rb:111:in `service'
    /usr/local/lib/ruby/1.9.1/webrick/httpserver.rb:70:in `run'
    /usr/local/lib/ruby/1.9.1/webrick/server.rb:183:in `block in start_thread'

Rendered rescues/_trace (54.0ms)
Rendered rescues/_request_and_response (0.2ms)
Rendering rescues/layout (internal_server_error)


Processing KnapekController#index (for 127.0.0.1 at 2010-07-22 19:40:13) [GET]
Rendering template within layouts/knapek
Rendering knapek/index
Rendered knapek/_links (0.3ms)
Completed in 9ms (View: 8, DB: 0) | 200 OK [http://localhost/knapek]


Processing KnapekController#index (for 127.0.0.1 at 2010-07-22 19:40:13) [GET]
Rendering template within layouts/knapek
Rendering knapek/index
Rendered knapek/_links (0.4ms)
Completed in 11ms (View: 9, DB: 0) | 200 OK [http://localhost/knapek]


Processing GalleriesController#index (for 127.0.0.1 at 2010-07-22 19:40:15) [GET]
  [4;36;1mGallery Load (0.3ms)[0m   [0;1mSELECT * FROM "galleries" [0m
Rendering template within layouts/galleries
Rendering galleries/index
Completed in 11ms (View: 8, DB: 0) | 200 OK [http://localhost/galleries]


Processing GalleriesController#index (for 127.0.0.1 at 2010-07-22 19:40:15) [GET]
  [4;35;1mGallery Load (0.4ms)[0m   [0mSELECT * FROM "galleries" [0m
Rendering template within layouts/galleries
Rendering galleries/index
Completed in 4ms (View: 1, DB: 0) | 200 OK [http://localhost/galleries]


Processing GalleriesController#index (for 127.0.0.1 at 2010-07-22 19:40:49) [GET]
  [4;36;1mGallery Load (0.3ms)[0m   [0;1mSELECT * FROM "galleries" [0m
Rendering template within layouts/galleries
Rendering galleries/index
Completed in 5ms (View: 1, DB: 0) | 200 OK [http://localhost/galleries]


Processing GalleriesController#index (for 127.0.0.1 at 2010-07-22 19:40:49) [GET]
  [4;35;1mGallery Load (0.3ms)[0m   [0mSELECT * FROM "galleries" [0m
Rendering template within layouts/galleries
Rendering galleries/index
Completed in 12ms (View: 1, DB: 0) | 200 OK [http://localhost/galleries]


Processing GalleriesController#new (for 127.0.0.1 at 2010-07-22 19:40:56) [GET]
Rendering template within layouts/galleries
Rendering galleries/new
Completed in 28ms (View: 23, DB: 0) | 200 OK [http://localhost/galleries/new]


Processing GalleriesController#new (for 127.0.0.1 at 2010-07-22 19:40:56) [GET]
Rendering template within layouts/galleries
Rendering galleries/new
Completed in 23ms (View: 20, DB: 0) | 200 OK [http://localhost/galleries/new]


Processing GalleriesController#new (for 127.0.0.1 at 2010-07-22 19:41:20) [GET]
Rendering template within layouts/galleries
Rendering galleries/new
Completed in 9ms (View: 5, DB: 0) | 200 OK [http://localhost/galleries/new]


Processing GalleriesController#new (for 127.0.0.1 at 2010-07-22 19:41:20) [GET]
Rendering template within layouts/galleries
Rendering galleries/new
Completed in 14ms (View: 10, DB: 0) | 200 OK [http://localhost/galleries/new]


Processing GalleriesController#create (for 127.0.0.1 at 2010-07-22 19:41:23) [POST]
  Parameters: {"authenticity_token"=>"J0bdoWCzDnxzpTXDBi9EyuthJbBMpcYUcS/x1ap6meM=", "gallery"=>{"name"=>"s", "desc"=>""}, "commit"=>"Create"}
Rendering template within layouts/galleries
Rendering galleries/new
Completed in 47ms (View: 6, DB: 0) | 200 OK [http://localhost/galleries]


Processing GalleriesController#index (for 127.0.0.1 at 2010-07-22 19:41:23) [GET]
  [4;36;1mGallery Load (0.4ms)[0m   [0;1mSELECT * FROM "galleries" [0m
Rendering template within layouts/galleries
Rendering galleries/index
Completed in 15ms (View: 1, DB: 0) | 200 OK [http://localhost/galleries]


Processing GalleriesController#index (for 127.0.0.1 at 2010-07-22 19:42:06) [GET]
  [4;35;1mGallery Load (0.3ms)[0m   [0mSELECT * FROM "galleries" [0m
Rendering template within layouts/galleries
Rendering galleries/index
Completed in 12ms (View: 8, DB: 0) | 200 OK [http://localhost/galleries]


Processing GalleriesController#index (for 127.0.0.1 at 2010-07-22 19:42:06) [GET]
  [4;36;1mGallery Load (0.3ms)[0m   [0;1mSELECT * FROM "galleries" [0m
Rendering template within layouts/galleries
Rendering galleries/index
Completed in 9ms (View: 1, DB: 0) | 200 OK [http://localhost/galleries]


Processing GalleriesController#index (for 127.0.0.1 at 2010-07-22 19:42:06) [GET]
  [4;35;1mGallery Load (0.3ms)[0m   [0mSELECT * FROM "galleries" [0m
Rendering template within layouts/galleries
Rendering galleries/index
Completed in 5ms (View: 1, DB: 0) | 200 OK [http://localhost/galleries]


Processing GalleriesController#index (for 127.0.0.1 at 2010-07-22 19:42:07) [GET]
  [4;36;1mGallery Load (0.3ms)[0m   [0;1mSELECT * FROM "galleries" [0m
Rendering template within layouts/galleries
Rendering galleries/index
Completed in 9ms (View: 1, DB: 0) | 200 OK [http://localhost/galleries]


Processing GalleriesController#index (for 127.0.0.1 at 2010-07-22 19:43:00) [GET]
  [4;35;1mGallery Load (0.3ms)[0m   [0mSELECT * FROM "galleries" [0m
Rendering template within layouts/galleries
Rendering galleries/index
Completed in 5ms (View: 1, DB: 0) | 200 OK [http://localhost/galleries]


Processing GalleriesController#index (for 127.0.0.1 at 2010-07-22 19:43:00) [GET]
  [4;36;1mGallery Load (0.3ms)[0m   [0;1mSELECT * FROM "galleries" [0m
Rendering template within layouts/galleries
Rendering galleries/index
Completed in 4ms (View: 1, DB: 0) | 200 OK [http://localhost/galleries]


Processing KnapekController#index (for 127.0.0.1 at 2010-07-22 19:43:12) [GET]
Rendering template within layouts/knapek
Rendering knapek/index
Rendered knapek/_links (0.3ms)
Completed in 3ms (View: 1, DB: 0) | 200 OK [http://localhost/knapek]


Processing KnapekController#index (for 127.0.0.1 at 2010-07-22 19:43:12) [GET]
Rendering template within layouts/knapek
Rendering knapek/index
Rendered knapek/_links (0.3ms)
Completed in 2ms (View: 1, DB: 0) | 200 OK [http://localhost/knapek]


Processing KnapekController#index (for 127.0.0.1 at 2010-07-22 19:43:42) [GET]
Rendering template within layouts/knapek
Rendering knapek/index
ERROR: compiling _run_erb_app47views47knapek47_links46erb_locals_links_object RAISED /home/zaty/rails/knapek/app/views/knapek/_links.erb:1: syntax error, unexpected ':', expecting ')'
...ink_to "Home", :class=>"link" :action => "index" ).to_s); @o...
...                               ^
Function body: #coding:UTF-8
          def _run_erb_app47views47knapek47_links46erb_locals_links_object(local_assigns)
            old_output_buffer = output_buffer;links = local_assigns[:links];object = local_assigns[:object];;@output_buffer = '';  __in_erb_template=true ; @output_buffer.concat(( link_to "Home", :class=>"link" :action => "index" ).to_s); @output_buffer.concat "\n"
; @output_buffer.concat(( link_to "O nas", :action => "about" ).to_s); @output_buffer.concat "\n"
; @output_buffer.concat(( link_to "Galerie", :action => "galerie" ).to_s); @output_buffer.concat "\n"
; @output_buffer.force_encoding(__ENCODING__)
          ensure
            self.output_buffer = old_output_buffer
          end
Backtrace: /usr/local/lib/ruby/gems/1.9.1/gems/actionpack-2.3.8/lib/action_view/renderable.rb:91:in `module_eval'
/usr/local/lib/ruby/gems/1.9.1/gems/actionpack-2.3.8/lib/action_view/renderable.rb:91:in `compile!'
/usr/local/lib/ruby/gems/1.9.1/gems/actionpack-2.3.8/lib/action_view/renderable.rb:61:in `compile'
/usr/local/lib/ruby/gems/1.9.1/gems/actionpack-2.3.8/lib/action_view/renderable.rb:28:in `render'
/usr/local/lib/ruby/gems/1.9.1/gems/actionpack-2.3.8/lib/action_view/renderable_partial.rb:20:in `block in render'
/usr/local/lib/ruby/gems/1.9.1/gems/actionpack-2.3.8/lib/action_controller/benchmarking.rb:26:in `block in benchmark'
/usr/local/lib/ruby/gems/1.9.1/gems/activesupport-2.3.8/lib/active_support/core_ext/benchmark.rb:17:in `block in ms'
/usr/local/lib/ruby/1.9.1/benchmark.rb:309:in `realtime'
/usr/local/lib/ruby/gems/1.9.1/gems/activesupport-2.3.8/lib/active_support/core_ext/benchmark.rb:17:in `ms'
/usr/local/lib/ruby/gems/1.9.1/gems/actionpack-2.3.8/lib/action_controller/benchmarking.rb:26:in `benchmark'
/usr/local/lib/ruby/gems/1.9.1/gems/actionpack-2.3.8/lib/action_view/renderable_partial.rb:19:in `render'
/usr/local/lib/ruby/gems/1.9.1/gems/actionpack-2.3.8/lib/action_view/template.rb:205:in `render_template'
/usr/local/lib/ruby/gems/1.9.1/gems/actionpack-2.3.8/lib/action_view/renderable_partial.rb:44:in `render_partial'
/usr/local/lib/ruby/gems/1.9.1/gems/actionpack-2.3.8/lib/action_view/partials.rb:184:in `render_partial'
/usr/local/lib/ruby/gems/1.9.1/gems/actionpack-2.3.8/lib/action_view/base.rb:267:in `render'
/home/zaty/rails/knapek/app/views/knapek/index.erb:1:in `_run_erb_app47views47knapek47index46erb'
/usr/local/lib/ruby/gems/1.9.1/gems/actionpack-2.3.8/lib/action_view/renderable.rb:34:in `block in render'
/usr/local/lib/ruby/gems/1.9.1/gems/actionpack-2.3.8/lib/action_view/base.rb:306:in `with_template'
/usr/local/lib/ruby/gems/1.9.1/gems/actionpack-2.3.8/lib/action_view/renderable.rb:30:in `render'
/usr/local/lib/ruby/gems/1.9.1/gems/actionpack-2.3.8/lib/action_view/template.rb:205:in `render_template'
/usr/local/lib/ruby/gems/1.9.1/gems/actionpack-2.3.8/lib/action_view/base.rb:265:in `render'
/usr/local/lib/ruby/gems/1.9.1/gems/actionpack-2.3.8/lib/action_view/base.rb:348:in `_render_with_layout'
/usr/local/lib/ruby/gems/1.9.1/gems/actionpack-2.3.8/lib/action_view/base.rb:262:in `render'
/usr/local/lib/ruby/gems/1.9.1/gems/actionpack-2.3.8/lib/action_controller/base.rb:1250:in `render_for_file'
/usr/local/lib/ruby/gems/1.9.1/gems/actionpack-2.3.8/lib/action_controller/base.rb:936:in `render'
/usr/local/lib/ruby/gems/1.9.1/gems/actionpack-2.3.8/lib/action_controller/benchmarking.rb:51:in `block in render_with_benchmark'
/usr/local/lib/ruby/gems/1.9.1/gems/activesupport-2.3.8/lib/active_support/core_ext/benchmark.rb:17:in `block in ms'
/usr/local/lib/ruby/1.9.1/benchmark.rb:309:in `realtime'
/usr/local/lib/ruby/gems/1.9.1/gems/activesupport-2.3.8/lib/active_support/core_ext/benchmark.rb:17:in `ms'
/usr/local/lib/ruby/gems/1.9.1/gems/actionpack-2.3.8/lib/action_controller/benchmarking.rb:51:in `render_with_benchmark'
/usr/local/lib/ruby/gems/1.9.1/gems/actionpack-2.3.8/lib/action_controller/base.rb:1326:in `default_render'
/usr/local/lib/ruby/gems/1.9.1/gems/actionpack-2.3.8/lib/action_controller/base.rb:1332:in `perform_action'
/usr/local/lib/ruby/gems/1.9.1/gems/actionpack-2.3.8/lib/action_controller/filters.rb:617:in `call_filters'
/usr/local/lib/ruby/gems/1.9.1/gems/actionpack-2.3.8/lib/action_controller/filters.rb:610:in `perform_action_with_filters'
/usr/local/lib/ruby/gems/1.9.1/gems/actionpack-2.3.8/lib/action_controller/benchmarking.rb:68:in `block in perform_action_with_benchmark'
/usr/local/lib/ruby/gems/1.9.1/gems/activesupport-2.3.8/lib/active_support/core_ext/benchmark.rb:17:in `block in ms'
/usr/local/lib/ruby/1.9.1/benchmark.rb:309:in `realtime'
/usr/local/lib/ruby/gems/1.9.1/gems/activesupport-2.3.8/lib/active_support/core_ext/benchmark.rb:17:in `ms'
/usr/local/lib/ruby/gems/1.9.1/gems/actionpack-2.3.8/lib/action_controller/benchmarking.rb:68:in `perform_action_with_benchmark'
/usr/local/lib/ruby/gems/1.9.1/gems/actionpack-2.3.8/lib/action_controller/rescue.rb:160:in `perform_action_with_rescue'
/usr/local/lib/ruby/gems/1.9.1/gems/actionpack-2.3.8/lib/action_controller/flash.rb:151:in `perform_action_with_flash'
/usr/local/lib/ruby/gems/1.9.1/gems/actionpack-2.3.8/lib/action_controller/base.rb:532:in `process'
/usr/local/lib/ruby/gems/1.9.1/gems/actionpack-2.3.8/lib/action_controller/filters.rb:606:in `process_with_filters'
/usr/local/lib/ruby/gems/1.9.1/gems/actionpack-2.3.8/lib/action_controller/base.rb:391:in `process'
/usr/local/lib/ruby/gems/1.9.1/gems/actionpack-2.3.8/lib/action_controller/base.rb:386:in `call'
/usr/local/lib/ruby/gems/1.9.1/gems/actionpack-2.3.8/lib/action_controller/routing/route_set.rb:438:in `call'
/usr/local/lib/ruby/gems/1.9.1/gems/actionpack-2.3.8/lib/action_controller/dispatcher.rb:87:in `dispatch'
/usr/local/lib/ruby/gems/1.9.1/gems/actionpack-2.3.8/lib/action_controller/dispatcher.rb:121:in `_call'
/usr/local/lib/ruby/gems/1.9.1/gems/actionpack-2.3.8/lib/action_controller/dispatcher.rb:130:in `block in build_middleware_stack'
/usr/local/lib/ruby/gems/1.9.1/gems/activerecord-2.3.8/lib/active_record/query_cache.rb:29:in `call'
/usr/local/lib/ruby/gems/1.9.1/gems/activerecord-2.3.8/lib/active_record/query_cache.rb:29:in `block in call'
/usr/local/lib/ruby/gems/1.9.1/gems/activerecord-2.3.8/lib/active_record/connection_adapters/abstract/query_cache.rb:34:in `cache'
/usr/local/lib/ruby/gems/1.9.1/gems/activerecord-2.3.8/lib/active_record/query_cache.rb:9:in `cache'
/usr/local/lib/ruby/gems/1.9.1/gems/activerecord-2.3.8/lib/active_record/query_cache.rb:28:in `call'
/usr/local/lib/ruby/gems/1.9.1/gems/activerecord-2.3.8/lib/active_record/connection_adapters/abstract/connection_pool.rb:361:in `call'
/usr/local/lib/ruby/gems/1.9.1/gems/actionpack-2.3.8/lib/action_controller/string_coercion.rb:25:in `call'
/usr/local/lib/ruby/gems/1.9.1/gems/rack-1.1.0/lib/rack/head.rb:9:in `call'
/usr/local/lib/ruby/gems/1.9.1/gems/rack-1.1.0/lib/rack/methodoverride.rb:24:in `call'
/usr/local/lib/ruby/gems/1.9.1/gems/actionpack-2.3.8/lib/action_controller/params_parser.rb:15:in `call'
/usr/local/lib/ruby/gems/1.9.1/gems/actionpack-2.3.8/lib/action_controller/session/cookie_store.rb:99:in `call'
/usr/local/lib/ruby/gems/1.9.1/gems/actionpack-2.3.8/lib/action_controller/failsafe.rb:26:in `call'
/usr/local/lib/ruby/gems/1.9.1/gems/rack-1.1.0/lib/rack/lock.rb:11:in `block in call'
<internal:prelude>:8:in `synchronize'
/usr/local/lib/ruby/gems/1.9.1/gems/rack-1.1.0/lib/rack/lock.rb:11:in `call'
/usr/local/lib/ruby/gems/1.9.1/gems/actionpack-2.3.8/lib/action_controller/dispatcher.rb:114:in `block in call'
/usr/local/lib/ruby/gems/1.9.1/gems/actionpack-2.3.8/lib/action_controller/reloader.rb:34:in `run'
/usr/local/lib/ruby/gems/1.9.1/gems/actionpack-2.3.8/lib/action_controller/dispatcher.rb:108:in `call'
/usr/local/lib/ruby/gems/1.9.1/gems/rails-2.3.8/lib/rails/rack/static.rb:31:in `call'
/usr/local/lib/ruby/gems/1.9.1/gems/rack-1.1.0/lib/rack/urlmap.rb:47:in `block in call'
/usr/local/lib/ruby/gems/1.9.1/gems/rack-1.1.0/lib/rack/urlmap.rb:41:in `each'
/usr/local/lib/ruby/gems/1.9.1/gems/rack-1.1.0/lib/rack/urlmap.rb:41:in `call'
/usr/local/lib/ruby/gems/1.9.1/gems/rails-2.3.8/lib/rails/rack/log_tailer.rb:17:in `call'
/usr/local/lib/ruby/gems/1.9.1/gems/rack-1.1.0/lib/rack/content_length.rb:13:in `call'
/usr/local/lib/ruby/gems/1.9.1/gems/rack-1.1.0/lib/rack/handler/webrick.rb:48:in `service'
/usr/local/lib/ruby/1.9.1/webrick/httpserver.rb:111:in `service'
/usr/local/lib/ruby/1.9.1/webrick/httpserver.rb:70:in `run'
/usr/local/lib/ruby/1.9.1/webrick/server.rb:183:in `block in start_thread'

ActionView::TemplateError (/home/zaty/rails/knapek/app/views/knapek/_links.erb:1: syntax error, unexpected ':', expecting ')'
...ink_to "Home", :class=>"link" :action => "index" ).to_s); @o...
...                               ^) on line #1 of app/views/knapek/_links.erb:
1: <%= link_to "Home", :class=>"link" :action => "index" %>
2: <%= link_to "O nas", :action => "about" %>
3: <%= link_to "Galerie", :action => "galerie" %>

    app/views/knapek/index.erb:1
    <internal:prelude>:8:in `synchronize'
    /usr/local/lib/ruby/1.9.1/webrick/httpserver.rb:111:in `service'
    /usr/local/lib/ruby/1.9.1/webrick/httpserver.rb:70:in `run'
    /usr/local/lib/ruby/1.9.1/webrick/server.rb:183:in `block in start_thread'

Rendered rescues/_trace (62.7ms)
Rendered rescues/_request_and_response (0.2ms)
Rendering rescues/layout (internal_server_error)


Processing KnapekController#index (for 127.0.0.1 at 2010-07-22 19:43:42) [GET]
Rendering template within layouts/knapek
Rendering knapek/index
ERROR: compiling _run_erb_app47views47knapek47_links46erb_locals_links_object RAISED /home/zaty/rails/knapek/app/views/knapek/_links.erb:1: syntax error, unexpected ':', expecting ')'
...ink_to "Home", :class=>"link" :action => "index" ).to_s); @o...
...                               ^
Function body: #coding:UTF-8
          def _run_erb_app47views47knapek47_links46erb_locals_links_object(local_assigns)
            old_output_buffer = output_buffer;links = local_assigns[:links];object = local_assigns[:object];;@output_buffer = '';  __in_erb_template=true ; @output_buffer.concat(( link_to "Home", :class=>"link" :action => "index" ).to_s); @output_buffer.concat "\n"
; @output_buffer.concat(( link_to "O nas", :action => "about" ).to_s); @output_buffer.concat "\n"
; @output_buffer.concat(( link_to "Galerie", :action => "galerie" ).to_s); @output_buffer.concat "\n"
; @output_buffer.force_encoding(__ENCODING__)
          ensure
            self.output_buffer = old_output_buffer
          end
Backtrace: /usr/local/lib/ruby/gems/1.9.1/gems/actionpack-2.3.8/lib/action_view/renderable.rb:91:in `module_eval'
/usr/local/lib/ruby/gems/1.9.1/gems/actionpack-2.3.8/lib/action_view/renderable.rb:91:in `compile!'
/usr/local/lib/ruby/gems/1.9.1/gems/actionpack-2.3.8/lib/action_view/renderable.rb:61:in `compile'
/usr/local/lib/ruby/gems/1.9.1/gems/actionpack-2.3.8/lib/action_view/renderable.rb:28:in `render'
/usr/local/lib/ruby/gems/1.9.1/gems/actionpack-2.3.8/lib/action_view/renderable_partial.rb:20:in `block in render'
/usr/local/lib/ruby/gems/1.9.1/gems/actionpack-2.3.8/lib/action_controller/benchmarking.rb:26:in `block in benchmark'
/usr/local/lib/ruby/gems/1.9.1/gems/activesupport-2.3.8/lib/active_support/core_ext/benchmark.rb:17:in `block in ms'
/usr/local/lib/ruby/1.9.1/benchmark.rb:309:in `realtime'
/usr/local/lib/ruby/gems/1.9.1/gems/activesupport-2.3.8/lib/active_support/core_ext/benchmark.rb:17:in `ms'
/usr/local/lib/ruby/gems/1.9.1/gems/actionpack-2.3.8/lib/action_controller/benchmarking.rb:26:in `benchmark'
/usr/local/lib/ruby/gems/1.9.1/gems/actionpack-2.3.8/lib/action_view/renderable_partial.rb:19:in `render'
/usr/local/lib/ruby/gems/1.9.1/gems/actionpack-2.3.8/lib/action_view/template.rb:205:in `render_template'
/usr/local/lib/ruby/gems/1.9.1/gems/actionpack-2.3.8/lib/action_view/renderable_partial.rb:44:in `render_partial'
/usr/local/lib/ruby/gems/1.9.1/gems/actionpack-2.3.8/lib/action_view/partials.rb:184:in `render_partial'
/usr/local/lib/ruby/gems/1.9.1/gems/actionpack-2.3.8/lib/action_view/base.rb:267:in `render'
/home/zaty/rails/knapek/app/views/knapek/index.erb:1:in `_run_erb_app47views47knapek47index46erb'
/usr/local/lib/ruby/gems/1.9.1/gems/actionpack-2.3.8/lib/action_view/renderable.rb:34:in `block in render'
/usr/local/lib/ruby/gems/1.9.1/gems/actionpack-2.3.8/lib/action_view/base.rb:306:in `with_template'
/usr/local/lib/ruby/gems/1.9.1/gems/actionpack-2.3.8/lib/action_view/renderable.rb:30:in `render'
/usr/local/lib/ruby/gems/1.9.1/gems/actionpack-2.3.8/lib/action_view/template.rb:205:in `render_template'
/usr/local/lib/ruby/gems/1.9.1/gems/actionpack-2.3.8/lib/action_view/base.rb:265:in `render'
/usr/local/lib/ruby/gems/1.9.1/gems/actionpack-2.3.8/lib/action_view/base.rb:348:in `_render_with_layout'
/usr/local/lib/ruby/gems/1.9.1/gems/actionpack-2.3.8/lib/action_view/base.rb:262:in `render'
/usr/local/lib/ruby/gems/1.9.1/gems/actionpack-2.3.8/lib/action_controller/base.rb:1250:in `render_for_file'
/usr/local/lib/ruby/gems/1.9.1/gems/actionpack-2.3.8/lib/action_controller/base.rb:936:in `render'
/usr/local/lib/ruby/gems/1.9.1/gems/actionpack-2.3.8/lib/action_controller/benchmarking.rb:51:in `block in render_with_benchmark'
/usr/local/lib/ruby/gems/1.9.1/gems/activesupport-2.3.8/lib/active_support/core_ext/benchmark.rb:17:in `block in ms'
/usr/local/lib/ruby/1.9.1/benchmark.rb:309:in `realtime'
/usr/local/lib/ruby/gems/1.9.1/gems/activesupport-2.3.8/lib/active_support/core_ext/benchmark.rb:17:in `ms'
/usr/local/lib/ruby/gems/1.9.1/gems/actionpack-2.3.8/lib/action_controller/benchmarking.rb:51:in `render_with_benchmark'
/usr/local/lib/ruby/gems/1.9.1/gems/actionpack-2.3.8/lib/action_controller/base.rb:1326:in `default_render'
/usr/local/lib/ruby/gems/1.9.1/gems/actionpack-2.3.8/lib/action_controller/base.rb:1332:in `perform_action'
/usr/local/lib/ruby/gems/1.9.1/gems/actionpack-2.3.8/lib/action_controller/filters.rb:617:in `call_filters'
/usr/local/lib/ruby/gems/1.9.1/gems/actionpack-2.3.8/lib/action_controller/filters.rb:610:in `perform_action_with_filters'
/usr/local/lib/ruby/gems/1.9.1/gems/actionpack-2.3.8/lib/action_controller/benchmarking.rb:68:in `block in perform_action_with_benchmark'
/usr/local/lib/ruby/gems/1.9.1/gems/activesupport-2.3.8/lib/active_support/core_ext/benchmark.rb:17:in `block in ms'
/usr/local/lib/ruby/1.9.1/benchmark.rb:309:in `realtime'
/usr/local/lib/ruby/gems/1.9.1/gems/activesupport-2.3.8/lib/active_support/core_ext/benchmark.rb:17:in `ms'
/usr/local/lib/ruby/gems/1.9.1/gems/actionpack-2.3.8/lib/action_controller/benchmarking.rb:68:in `perform_action_with_benchmark'
/usr/local/lib/ruby/gems/1.9.1/gems/actionpack-2.3.8/lib/action_controller/rescue.rb:160:in `perform_action_with_rescue'
/usr/local/lib/ruby/gems/1.9.1/gems/actionpack-2.3.8/lib/action_controller/flash.rb:151:in `perform_action_with_flash'
/usr/local/lib/ruby/gems/1.9.1/gems/actionpack-2.3.8/lib/action_controller/base.rb:532:in `process'
/usr/local/lib/ruby/gems/1.9.1/gems/actionpack-2.3.8/lib/action_controller/filters.rb:606:in `process_with_filters'
/usr/local/lib/ruby/gems/1.9.1/gems/actionpack-2.3.8/lib/action_controller/base.rb:391:in `process'
/usr/local/lib/ruby/gems/1.9.1/gems/actionpack-2.3.8/lib/action_controller/base.rb:386:in `call'
/usr/local/lib/ruby/gems/1.9.1/gems/actionpack-2.3.8/lib/action_controller/routing/route_set.rb:438:in `call'
/usr/local/lib/ruby/gems/1.9.1/gems/actionpack-2.3.8/lib/action_controller/dispatcher.rb:87:in `dispatch'
/usr/local/lib/ruby/gems/1.9.1/gems/actionpack-2.3.8/lib/action_controller/dispatcher.rb:121:in `_call'
/usr/local/lib/ruby/gems/1.9.1/gems/actionpack-2.3.8/lib/action_controller/dispatcher.rb:130:in `block in build_middleware_stack'
/usr/local/lib/ruby/gems/1.9.1/gems/activerecord-2.3.8/lib/active_record/query_cache.rb:29:in `call'
/usr/local/lib/ruby/gems/1.9.1/gems/activerecord-2.3.8/lib/active_record/query_cache.rb:29:in `block in call'
/usr/local/lib/ruby/gems/1.9.1/gems/activerecord-2.3.8/lib/active_record/connection_adapters/abstract/query_cache.rb:34:in `cache'
/usr/local/lib/ruby/gems/1.9.1/gems/activerecord-2.3.8/lib/active_record/query_cache.rb:9:in `cache'
/usr/local/lib/ruby/gems/1.9.1/gems/activerecord-2.3.8/lib/active_record/query_cache.rb:28:in `call'
/usr/local/lib/ruby/gems/1.9.1/gems/activerecord-2.3.8/lib/active_record/connection_adapters/abstract/connection_pool.rb:361:in `call'
/usr/local/lib/ruby/gems/1.9.1/gems/actionpack-2.3.8/lib/action_controller/string_coercion.rb:25:in `call'
/usr/local/lib/ruby/gems/1.9.1/gems/rack-1.1.0/lib/rack/head.rb:9:in `call'
/usr/local/lib/ruby/gems/1.9.1/gems/rack-1.1.0/lib/rack/methodoverride.rb:24:in `call'
/usr/local/lib/ruby/gems/1.9.1/gems/actionpack-2.3.8/lib/action_controller/params_parser.rb:15:in `call'
/usr/local/lib/ruby/gems/1.9.1/gems/actionpack-2.3.8/lib/action_controller/session/cookie_store.rb:99:in `call'
/usr/local/lib/ruby/gems/1.9.1/gems/actionpack-2.3.8/lib/action_controller/failsafe.rb:26:in `call'
/usr/local/lib/ruby/gems/1.9.1/gems/rack-1.1.0/lib/rack/lock.rb:11:in `block in call'
<internal:prelude>:8:in `synchronize'
/usr/local/lib/ruby/gems/1.9.1/gems/rack-1.1.0/lib/rack/lock.rb:11:in `call'
/usr/local/lib/ruby/gems/1.9.1/gems/actionpack-2.3.8/lib/action_controller/dispatcher.rb:114:in `block in call'
/usr/local/lib/ruby/gems/1.9.1/gems/actionpack-2.3.8/lib/action_controller/reloader.rb:34:in `run'
/usr/local/lib/ruby/gems/1.9.1/gems/actionpack-2.3.8/lib/action_controller/dispatcher.rb:108:in `call'
/usr/local/lib/ruby/gems/1.9.1/gems/rails-2.3.8/lib/rails/rack/static.rb:31:in `call'
/usr/local/lib/ruby/gems/1.9.1/gems/rack-1.1.0/lib/rack/urlmap.rb:47:in `block in call'
/usr/local/lib/ruby/gems/1.9.1/gems/rack-1.1.0/lib/rack/urlmap.rb:41:in `each'
/usr/local/lib/ruby/gems/1.9.1/gems/rack-1.1.0/lib/rack/urlmap.rb:41:in `call'
/usr/local/lib/ruby/gems/1.9.1/gems/rails-2.3.8/lib/rails/rack/log_tailer.rb:17:in `call'
/usr/local/lib/ruby/gems/1.9.1/gems/rack-1.1.0/lib/rack/content_length.rb:13:in `call'
/usr/local/lib/ruby/gems/1.9.1/gems/rack-1.1.0/lib/rack/handler/webrick.rb:48:in `service'
/usr/local/lib/ruby/1.9.1/webrick/httpserver.rb:111:in `service'
/usr/local/lib/ruby/1.9.1/webrick/httpserver.rb:70:in `run'
/usr/local/lib/ruby/1.9.1/webrick/server.rb:183:in `block in start_thread'

ActionView::TemplateError (/home/zaty/rails/knapek/app/views/knapek/_links.erb:1: syntax error, unexpected ':', expecting ')'
...ink_to "Home", :class=>"link" :action => "index" ).to_s); @o...
...                               ^) on line #1 of app/views/knapek/_links.erb:
1: <%= link_to "Home", :class=>"link" :action => "index" %>
2: <%= link_to "O nas", :action => "about" %>
3: <%= link_to "Galerie", :action => "galerie" %>

    app/views/knapek/index.erb:1
    <internal:prelude>:8:in `synchronize'
    /usr/local/lib/ruby/1.9.1/webrick/httpserver.rb:111:in `service'
    /usr/local/lib/ruby/1.9.1/webrick/httpserver.rb:70:in `run'
    /usr/local/lib/ruby/1.9.1/webrick/server.rb:183:in `block in start_thread'

Rendered rescues/_trace (145.3ms)
Rendered rescues/_request_and_response (0.3ms)
Rendering rescues/layout (internal_server_error)


Processing KnapekController#index (for 127.0.0.1 at 2010-07-22 19:44:16) [GET]
Rendering template within layouts/knapek
Rendering knapek/index
Rendered knapek/_links (1.0ms)
Completed in 9ms (View: 8, DB: 0) | 200 OK [http://localhost/knapek]


Processing KnapekController#index (for 127.0.0.1 at 2010-07-22 19:44:16) [GET]
Rendering template within layouts/knapek
Rendering knapek/index
Rendered knapek/_links (0.4ms)
Completed in 3ms (View: 1, DB: 0) | 200 OK [http://localhost/knapek]


Processing KnapekController#index (for 127.0.0.1 at 2010-07-22 19:48:18) [GET]
  Parameters: {"class"=>"link"}
Rendering template within layouts/knapek
Rendering knapek/index
Rendered knapek/_links (1.0ms)
Completed in 23ms (View: 22, DB: 0) | 200 OK [http://localhost/knapek?class=link]


Processing KnapekController#index (for 127.0.0.1 at 2010-07-22 19:48:18) [GET]
Rendering template within layouts/knapek
Rendering knapek/index
Rendered knapek/_links (0.4ms)
Completed in 3ms (View: 1, DB: 0) | 200 OK [http://localhost/knapek]


Processing KnapekController#index (for 127.0.0.1 at 2010-07-22 19:48:21) [GET]
  Parameters: {"class"=>"link"}
Rendering template within layouts/knapek
Rendering knapek/index
Rendered knapek/_links (0.4ms)
Completed in 3ms (View: 1, DB: 0) | 200 OK [http://localhost/knapek?class=link]


Processing KnapekController#index (for 127.0.0.1 at 2010-07-22 19:48:21) [GET]
Rendering template within layouts/knapek
Rendering knapek/index
Rendered knapek/_links (0.4ms)
Completed in 3ms (View: 2, DB: 0) | 200 OK [http://localhost/knapek]


Processing GalleriesController#index (for 127.0.0.1 at 2010-07-22 19:48:22) [GET]
  [4;36;1mGallery Load (0.4ms)[0m   [0;1mSELECT * FROM "galleries" [0m
Rendering template within layouts/galleries
Rendering galleries/index
Completed in 20ms (View: 16, DB: 0) | 200 OK [http://localhost/galleries]


Processing GalleriesController#index (for 127.0.0.1 at 2010-07-22 19:48:22) [GET]
  [4;35;1mGallery Load (0.4ms)[0m   [0mSELECT * FROM "galleries" [0m
Rendering template within layouts/galleries
Rendering galleries/index
Completed in 12ms (View: 1, DB: 0) | 200 OK [http://localhost/galleries]


Processing GalleriesController#new (for 127.0.0.1 at 2010-07-22 19:48:24) [GET]
Rendering template within layouts/galleries
Rendering galleries/new
Completed in 16ms (View: 12, DB: 0) | 200 OK [http://localhost/galleries/new]


Processing GalleriesController#new (for 127.0.0.1 at 2010-07-22 19:48:24) [GET]
Rendering template within layouts/galleries
Rendering galleries/new
Completed in 26ms (View: 12, DB: 0) | 200 OK [http://localhost/galleries/new]


Processing GalleriesController#create (for 127.0.0.1 at 2010-07-22 19:48:25) [POST]
  Parameters: {"authenticity_token"=>"J0bdoWCzDnxzpTXDBi9EyuthJbBMpcYUcS/x1ap6meM=", "gallery"=>{"name"=>"", "desc"=>""}, "commit"=>"Create"}
Rendering template within layouts/galleries
Rendering galleries/new
Completed in 13ms (View: 7, DB: 0) | 200 OK [http://localhost/galleries]


Processing GalleriesController#index (for 127.0.0.1 at 2010-07-22 19:48:26) [GET]
  [4;36;1mGallery Load (0.3ms)[0m   [0;1mSELECT * FROM "galleries" [0m
Rendering template within layouts/galleries
Rendering galleries/index
Completed in 4ms (View: 1, DB: 0) | 200 OK [http://localhost/galleries]


Processing GalleriesController#index (for 127.0.0.1 at 2010-07-22 19:48:29) [GET]
  [4;35;1mGallery Load (0.3ms)[0m   [0mSELECT * FROM "galleries" [0m
Rendering template within layouts/galleries
Rendering galleries/index
Completed in 4ms (View: 1, DB: 0) | 200 OK [http://localhost/galleries]


Processing GalleriesController#index (for 127.0.0.1 at 2010-07-22 19:48:29) [GET]
  [4;36;1mGallery Load (0.3ms)[0m   [0;1mSELECT * FROM "galleries" [0m
Rendering template within layouts/galleries
Rendering galleries/index
Completed in 10ms (View: 1, DB: 0) | 200 OK [http://localhost/galleries]


Processing Rails::InfoController#properties (for 127.0.0.1 at 2010-07-22 19:48:42) [GET]
  [4;35;1mSQL (0.4ms)[0m   [0m SELECT name
 FROM sqlite_master
 WHERE type = 'table' AND NOT name = 'sqlite_sequence'
[0m
  [4;36;1mSQL (0.1ms)[0m   [0;1mSELECT version FROM schema_migrations[0m
Completed in 39ms (View: 7, DB: 0) | 200 OK [http://localhost/rails/info/properties]


Processing Rails::InfoController#properties (for 127.0.0.1 at 2010-07-22 19:49:25) [GET]
  [4;35;1mSQL (0.4ms)[0m   [0m SELECT name
 FROM sqlite_master
 WHERE type = 'table' AND NOT name = 'sqlite_sequence'
[0m
  [4;36;1mSQL (0.1ms)[0m   [0;1mSELECT version FROM schema_migrations[0m
Completed in 17ms (View: 1, DB: 0) | 200 OK [http://localhost/rails/info/properties]


Processing KnapekController#index (for 127.0.0.1 at 2010-07-22 19:50:36) [GET]
Rendering template within layouts/knapek
Rendering knapek/index
Rendered knapek/_links (1.0ms)
Completed in 24ms (View: 22, DB: 0) | 200 OK [http://localhost/]


Processing KnapekController#index (for 127.0.0.1 at 2010-07-22 19:50:36) [GET]
Rendering template within layouts/knapek
Rendering knapek/index
Rendered knapek/_links (0.4ms)
Completed in 3ms (View: 1, DB: 0) | 200 OK [http://localhost/]


Processing KnapekController#index (for 127.0.0.1 at 2010-07-22 19:50:38) [GET]
  Parameters: {"class"=>"link"}
Rendering template within layouts/knapek
Rendering knapek/index
Rendered knapek/_links (0.4ms)
Completed in 3ms (View: 1, DB: 0) | 200 OK [http://localhost/?class=link]


Processing KnapekController#index (for 127.0.0.1 at 2010-07-22 19:50:38) [GET]
Rendering template within layouts/knapek
Rendering knapek/index
Rendered knapek/_links (0.4ms)
Completed in 7ms (View: 1, DB: 0) | 200 OK [http://localhost/]


Processing KnapekController#about (for 127.0.0.1 at 2010-07-22 19:50:40) [GET]
Rendering template within layouts/knapek
Rendering knapek/about
Rendered knapek/_links (0.4ms)
Completed in 9ms (View: 8, DB: 0) | 200 OK [http://localhost/knapek/about]


Processing KnapekController#about (for 127.0.0.1 at 2010-07-22 19:50:40) [GET]
Rendering template within layouts/knapek
Rendering knapek/about
Rendered knapek/_links (0.4ms)
Completed in 3ms (View: 1, DB: 0) | 200 OK [http://localhost/knapek/about]


Processing KnapekController#galerie (for 127.0.0.1 at 2010-07-22 19:50:41) [GET]
Rendering template within layouts/knapek
Rendering knapek/galerie
Rendered knapek/_links (0.4ms)
Completed in 9ms (View: 8, DB: 0) | 200 OK [http://localhost/knapek/galerie]


Processing KnapekController#galerie (for 127.0.0.1 at 2010-07-22 19:50:41) [GET]
Rendering template within layouts/knapek
Rendering knapek/galerie
Rendered knapek/_links (5.7ms)
Completed in 8ms (View: 7, DB: 0) | 200 OK [http://localhost/knapek/galerie]


Processing KnapekController#index (for 127.0.0.1 at 2010-07-22 19:50:42) [GET]
  Parameters: {"class"=>"link"}
Rendering template within layouts/knapek
Rendering knapek/index
Rendered knapek/_links (0.4ms)
Completed in 3ms (View: 2, DB: 0) | 200 OK [http://localhost/?class=link]


Processing KnapekController#index (for 127.0.0.1 at 2010-07-22 19:50:42) [GET]
Rendering template within layouts/knapek
Rendering knapek/index
Rendered knapek/_links (0.4ms)
Completed in 16ms (View: 2, DB: 0) | 200 OK [http://localhost/]


Processing KnapekController#index (for 127.0.0.1 at 2010-07-22 19:50:46) [GET]
  Parameters: {"class"=>"link"}
Rendering template within layouts/knapek
Rendering knapek/index
Rendered knapek/_links (0.4ms)
Completed in 3ms (View: 1, DB: 0) | 200 OK [http://localhost/?class=link]


Processing KnapekController#index (for 127.0.0.1 at 2010-07-22 19:50:46) [GET]
Rendering template within layouts/knapek
Rendering knapek/index
Rendered knapek/_links (0.4ms)
Completed in 3ms (View: 1, DB: 0) | 200 OK [http://localhost/]


Processing KnapekController#index (for 127.0.0.1 at 2010-07-22 19:50:47) [GET]
  Parameters: {"class"=>"link"}
Rendering template within layouts/knapek
Rendering knapek/index
Rendered knapek/_links (0.4ms)
Completed in 3ms (View: 2, DB: 0) | 200 OK [http://localhost/?class=link]


Processing KnapekController#index (for 127.0.0.1 at 2010-07-22 19:50:47) [GET]
Rendering template within layouts/knapek
Rendering knapek/index
Rendered knapek/_links (0.4ms)
Completed in 3ms (View: 2, DB: 0) | 200 OK [http://localhost/]


Processing KnapekController#index (for 127.0.0.1 at 2010-07-22 19:50:47) [GET]
  Parameters: {"class"=>"link"}
Rendering template within layouts/knapek
Rendering knapek/index
Rendered knapek/_links (0.4ms)
Completed in 3ms (View: 1, DB: 0) | 200 OK [http://localhost/?class=link]


Processing KnapekController#index (for 127.0.0.1 at 2010-07-22 19:50:47) [GET]
Rendering template within layouts/knapek
Rendering knapek/index
Rendered knapek/_links (0.4ms)
Completed in 3ms (View: 1, DB: 0) | 200 OK [http://localhost/]


Processing KnapekController#index (for 127.0.0.1 at 2010-07-22 19:50:48) [GET]
  Parameters: {"class"=>"link"}
Rendering template within layouts/knapek
Rendering knapek/index
Rendered knapek/_links (1.2ms)
Completed in 4ms (View: 2, DB: 0) | 200 OK [http://localhost/?class=link]


Processing KnapekController#index (for 127.0.0.1 at 2010-07-22 19:50:48) [GET]
Rendering template within layouts/knapek
Rendering knapek/index
Rendered knapek/_links (0.4ms)
Completed in 3ms (View: 1, DB: 0) | 200 OK [http://localhost/]


Processing KnapekController#index (for 127.0.0.1 at 2010-07-22 19:50:48) [GET]
  Parameters: {"class"=>"link"}
Rendering template within layouts/knapek
Rendering knapek/index
Rendered knapek/_links (0.4ms)
Completed in 3ms (View: 2, DB: 0) | 200 OK [http://localhost/?class=link]


Processing KnapekController#index (for 127.0.0.1 at 2010-07-22 19:50:48) [GET]
Rendering template within layouts/knapek
Rendering knapek/index
Rendered knapek/_links (0.4ms)
Completed in 3ms (View: 1, DB: 0) | 200 OK [http://localhost/]


Processing KnapekController#index (for 127.0.0.1 at 2010-07-22 19:50:59) [GET]
  Parameters: {"class"=>"link"}
Rendering template within layouts/knapek
Rendering knapek/index
Rendered knapek/_links (1.0ms)
Completed in 9ms (View: 8, DB: 0) | 200 OK [http://localhost/?class=link]


Processing KnapekController#index (for 127.0.0.1 at 2010-07-22 19:50:59) [GET]
Rendering template within layouts/knapek
Rendering knapek/index
Rendered knapek/_links (0.4ms)
Completed in 3ms (View: 2, DB: 0) | 200 OK [http://localhost/]


Processing KnapekController#index (for 127.0.0.1 at 2010-07-22 19:51:00) [GET]
  Parameters: {"class"=>"link"}
Rendering template within layouts/knapek
Rendering knapek/index
Rendered knapek/_links (0.3ms)
Completed in 3ms (View: 2, DB: 0) | 200 OK [http://localhost/?class=link]


Processing KnapekController#index (for 127.0.0.1 at 2010-07-22 19:51:00) [GET]
Rendering template within layouts/knapek
Rendering knapek/index
Rendered knapek/_links (0.3ms)
Completed in 3ms (View: 1, DB: 0) | 200 OK [http://localhost/]


Processing KnapekController#index (for 127.0.0.1 at 2010-07-22 19:51:01) [GET]
Rendering template within layouts/knapek
Rendering knapek/index
Rendered knapek/_links (0.3ms)
Completed in 2ms (View: 1, DB: 0) | 200 OK [http://localhost/]


Processing KnapekController#index (for 127.0.0.1 at 2010-07-22 19:51:02) [GET]
Rendering template within layouts/knapek
Rendering knapek/index
Rendered knapek/_links (0.3ms)
Completed in 5ms (View: 4, DB: 0) | 200 OK [http://localhost/]


Processing KnapekController#about (for 127.0.0.1 at 2010-07-22 19:51:03) [GET]
Rendering template within layouts/knapek
Rendering knapek/about
Rendered knapek/_links (0.3ms)
Completed in 3ms (View: 1, DB: 0) | 200 OK [http://localhost/knapek/about]


Processing KnapekController#about (for 127.0.0.1 at 2010-07-22 19:51:03) [GET]
Rendering template within layouts/knapek
Rendering knapek/about
Rendered knapek/_links (0.3ms)
Completed in 2ms (View: 1, DB: 0) | 200 OK [http://localhost/knapek/about]


Processing KnapekController#galerie (for 127.0.0.1 at 2010-07-22 19:51:04) [GET]
Rendering template within layouts/knapek
Rendering knapek/galerie
Rendered knapek/_links (0.3ms)
Completed in 2ms (View: 1, DB: 0) | 200 OK [http://localhost/knapek/galerie]


Processing KnapekController#galerie (for 127.0.0.1 at 2010-07-22 19:51:04) [GET]
Rendering template within layouts/knapek
Rendering knapek/galerie
Rendered knapek/_links (0.3ms)
Completed in 3ms (View: 1, DB: 0) | 200 OK [http://localhost/knapek/galerie]


Processing KnapekController#about (for 127.0.0.1 at 2010-07-22 19:51:04) [GET]
Rendering template within layouts/knapek
Rendering knapek/about
Rendered knapek/_links (0.3ms)
Completed in 2ms (View: 1, DB: 0) | 200 OK [http://localhost/knapek/about]


Processing KnapekController#about (for 127.0.0.1 at 2010-07-22 19:51:04) [GET]
Rendering template within layouts/knapek
Rendering knapek/about
Rendered knapek/_links (8.5ms)
Completed in 11ms (View: 10, DB: 0) | 200 OK [http://localhost/knapek/about]


Processing KnapekController#index (for 127.0.0.1 at 2010-07-22 19:51:05) [GET]
Rendering template within layouts/knapek
Rendering knapek/index
Rendered knapek/_links (0.3ms)
Completed in 2ms (View: 1, DB: 0) | 200 OK [http://localhost/]


Processing KnapekController#index (for 127.0.0.1 at 2010-07-22 19:51:05) [GET]
Rendering template within layouts/knapek
Rendering knapek/index
Rendered knapek/_links (0.3ms)
Completed in 8ms (View: 7, DB: 0) | 200 OK [http://localhost/]


Processing GalleriesController#index (for 127.0.0.1 at 2010-07-22 19:51:06) [GET]
  [4;36;1mGallery Load (0.4ms)[0m   [0;1mSELECT * FROM "galleries" [0m
Rendering template within layouts/galleries
Rendering galleries/index
Completed in 20ms (View: 16, DB: 0) | 200 OK [http://localhost/galleries]


Processing GalleriesController#index (for 127.0.0.1 at 2010-07-22 19:51:06) [GET]
  [4;35;1mGallery Load (0.4ms)[0m   [0mSELECT * FROM "galleries" [0m
Rendering template within layouts/galleries
Rendering galleries/index
Completed in 10ms (View: 1, DB: 0) | 200 OK [http://localhost/galleries]


Processing GalleriesController#new (for 127.0.0.1 at 2010-07-22 19:56:58) [GET]
Rendering template within layouts/galleries
Rendering galleries/new
Completed in 16ms (View: 12, DB: 0) | 200 OK [http://localhost/galleries/new]


Processing GalleriesController#new (for 127.0.0.1 at 2010-07-22 19:56:58) [GET]
Rendering template within layouts/galleries
Rendering galleries/new
Completed in 12ms (View: 5, DB: 0) | 200 OK [http://localhost/galleries/new]
